---------------------------------------------
Log D:\DayZServer_SURFLAY_STALKER_NH\profile\crash_2026-01-28_00-44-02.log started at 28.01. 00:44:45



------------------------------------
BRHD, 28.01 2026 00:44:45
[EntityAI::OnStoreLoad] :: [WARNING] :: Scripted variables corrupted upon "CivilianSedan_Black".
Entity will not be loaded correctly.
Function: 'main'
Stack trace:
$CurrentDir:mpmissions\mission.NHChernobyl\init.c:6 Function main

Runtime mode
CLI params: config serverDZ.cfg port 2302 profiles profile BEpath battleye mod @CF;@Dabs Framework;@VPPAdminTools;@SFP;@SFP_anim_system;@SFP NPC's for Dayz Expansion;@DayZ-Expansion-Bundle;@DayZ-Expansion-Licensed;@DayZ-Expansion-Animations;@STALKER NewHorizon ChernobylZone;@STALKER NewHorizon Objects;@Winter Chernarus V2;@Winter NH Chernobyl V2 (Re_uploading);@Winter Livonia;@SURFLAY_STALKER_NH;@DayZ Editor Loader;@AWBochka;@TrashCan_SZ&P;@ViewInventoryAnimation;@Underground Bases;@Zens Sleeping Mod;@OMD_Radio;@Stalker Light and Effects; servermod @SURFLAY_STALKER_NH_SERVER; cpuCount 4 dologs  adminlog  netlog  freezecheck  


------------------------------------
BRHD, 28.01 2026 00:44:45
[EntityAI::OnStoreLoad] :: [WARNING] :: Scripted variables corrupted upon "CivilianSedan".
Entity will not be loaded correctly.
Function: 'main'
Stack trace:
$CurrentDir:mpmissions\mission.NHChernobyl\init.c:6 Function main

Runtime mode
CLI params: config serverDZ.cfg port 2302 profiles profile BEpath battleye mod @CF;@Dabs Framework;@VPPAdminTools;@SFP;@SFP_anim_system;@SFP NPC's for Dayz Expansion;@DayZ-Expansion-Bundle;@DayZ-Expansion-Licensed;@DayZ-Expansion-Animations;@STALKER NewHorizon ChernobylZone;@STALKER NewHorizon Objects;@Winter Chernarus V2;@Winter NH Chernobyl V2 (Re_uploading);@Winter Livonia;@SURFLAY_STALKER_NH;@DayZ Editor Loader;@AWBochka;@TrashCan_SZ&P;@ViewInventoryAnimation;@Underground Bases;@Zens Sleeping Mod;@OMD_Radio;@Stalker Light and Effects; servermod @SURFLAY_STALKER_NH_SERVER; cpuCount 4 dologs  adminlog  netlog  freezecheck  


------------------------------------
BRHD, 28.01 2026 00:44:45
[EntityAI::OnStoreLoad] :: [WARNING] :: Scripted variables corrupted upon "CivilianSedan_Black".
Entity will not be loaded correctly.
Function: 'main'
Stack trace:
$CurrentDir:mpmissions\mission.NHChernobyl\init.c:6 Function main

Runtime mode
CLI params: config serverDZ.cfg port 2302 profiles profile BEpath battleye mod @CF;@Dabs Framework;@VPPAdminTools;@SFP;@SFP_anim_system;@SFP NPC's for Dayz Expansion;@DayZ-Expansion-Bundle;@DayZ-Expansion-Licensed;@DayZ-Expansion-Animations;@STALKER NewHorizon ChernobylZone;@STALKER NewHorizon Objects;@Winter Chernarus V2;@Winter NH Chernobyl V2 (Re_uploading);@Winter Livonia;@SURFLAY_STALKER_NH;@DayZ Editor Loader;@AWBochka;@TrashCan_SZ&P;@ViewInventoryAnimation;@Underground Bases;@Zens Sleeping Mod;@OMD_Radio;@Stalker Light and Effects; servermod @SURFLAY_STALKER_NH_SERVER; cpuCount 4 dologs  adminlog  netlog  freezecheck  


------------------------------------
BRHD, 28.01 2026 00:44:45
[EntityAI::OnStoreLoad] :: [WARNING] :: Scripted variables corrupted upon "CivilianSedan_Wine".
Entity will not be loaded correctly.
Function: 'main'
Stack trace:
$CurrentDir:mpmissions\mission.NHChernobyl\init.c:6 Function main

Runtime mode
CLI params: config serverDZ.cfg port 2302 profiles profile BEpath battleye mod @CF;@Dabs Framework;@VPPAdminTools;@SFP;@SFP_anim_system;@SFP NPC's for Dayz Expansion;@DayZ-Expansion-Bundle;@DayZ-Expansion-Licensed;@DayZ-Expansion-Animations;@STALKER NewHorizon ChernobylZone;@STALKER NewHorizon Objects;@Winter Chernarus V2;@Winter NH Chernobyl V2 (Re_uploading);@Winter Livonia;@SURFLAY_STALKER_NH;@DayZ Editor Loader;@AWBochka;@TrashCan_SZ&P;@ViewInventoryAnimation;@Underground Bases;@Zens Sleeping Mod;@OMD_Radio;@Stalker Light and Effects; servermod @SURFLAY_STALKER_NH_SERVER; cpuCount 4 dologs  adminlog  netlog  freezecheck  


------------------------------------
BRHD, 28.01 2026 00:44:45
[EntityAI::OnStoreLoad] :: [WARNING] :: Scripted variables corrupted upon "CivilianSedan_Black".
Entity will not be loaded correctly.
Function: 'main'
Stack trace:
$CurrentDir:mpmissions\mission.NHChernobyl\init.c:6 Function main

Runtime mode
CLI params: config serverDZ.cfg port 2302 profiles profile BEpath battleye mod @CF;@Dabs Framework;@VPPAdminTools;@SFP;@SFP_anim_system;@SFP NPC's for Dayz Expansion;@DayZ-Expansion-Bundle;@DayZ-Expansion-Licensed;@DayZ-Expansion-Animations;@STALKER NewHorizon ChernobylZone;@STALKER NewHorizon Objects;@Winter Chernarus V2;@Winter NH Chernobyl V2 (Re_uploading);@Winter Livonia;@SURFLAY_STALKER_NH;@DayZ Editor Loader;@AWBochka;@TrashCan_SZ&P;@ViewInventoryAnimation;@Underground Bases;@Zens Sleeping Mod;@OMD_Radio;@Stalker Light and Effects; servermod @SURFLAY_STALKER_NH_SERVER; cpuCount 4 dologs  adminlog  netlog  freezecheck  


------------------------------------
BRHD, 28.01 2026 00:44:45
[EntityAI::OnStoreLoad] :: [WARNING] :: Scripted variables corrupted upon "CivilianSedan".
Entity will not be loaded correctly.
Function: 'main'
Stack trace:
$CurrentDir:mpmissions\mission.NHChernobyl\init.c:6 Function main

Runtime mode
CLI params: config serverDZ.cfg port 2302 profiles profile BEpath battleye mod @CF;@Dabs Framework;@VPPAdminTools;@SFP;@SFP_anim_system;@SFP NPC's for Dayz Expansion;@DayZ-Expansion-Bundle;@DayZ-Expansion-Licensed;@DayZ-Expansion-Animations;@STALKER NewHorizon ChernobylZone;@STALKER NewHorizon Objects;@Winter Chernarus V2;@Winter NH Chernobyl V2 (Re_uploading);@Winter Livonia;@SURFLAY_STALKER_NH;@DayZ Editor Loader;@AWBochka;@TrashCan_SZ&P;@ViewInventoryAnimation;@Underground Bases;@Zens Sleeping Mod;@OMD_Radio;@Stalker Light and Effects; servermod @SURFLAY_STALKER_NH_SERVER; cpuCount 4 dologs  adminlog  netlog  freezecheck  


------------------------------------
BRHD, 28.01 2026 00:44:45
[EntityAI::OnStoreLoad] :: [WARNING] :: Scripted variables corrupted upon "CivilianSedan_Black".
Entity will not be loaded correctly.
Function: 'main'
Stack trace:
$CurrentDir:mpmissions\mission.NHChernobyl\init.c:6 Function main

Runtime mode
CLI params: config serverDZ.cfg port 2302 profiles profile BEpath battleye mod @CF;@Dabs Framework;@VPPAdminTools;@SFP;@SFP_anim_system;@SFP NPC's for Dayz Expansion;@DayZ-Expansion-Bundle;@DayZ-Expansion-Licensed;@DayZ-Expansion-Animations;@STALKER NewHorizon ChernobylZone;@STALKER NewHorizon Objects;@Winter Chernarus V2;@Winter NH Chernobyl V2 (Re_uploading);@Winter Livonia;@SURFLAY_STALKER_NH;@DayZ Editor Loader;@AWBochka;@TrashCan_SZ&P;@ViewInventoryAnimation;@Underground Bases;@Zens Sleeping Mod;@OMD_Radio;@Stalker Light and Effects; servermod @SURFLAY_STALKER_NH_SERVER; cpuCount 4 dologs  adminlog  netlog  freezecheck  


------------------------------------
BRHD, 28.01 2026 00:44:45
[EntityAI::OnStoreLoad] :: [WARNING] :: Scripted variables corrupted upon "CivilianSedan_Wine".
Entity will not be loaded correctly.
Function: 'main'
Stack trace:
$CurrentDir:mpmissions\mission.NHChernobyl\init.c:6 Function main

Runtime mode
CLI params: config serverDZ.cfg port 2302 profiles profile BEpath battleye mod @CF;@Dabs Framework;@VPPAdminTools;@SFP;@SFP_anim_system;@SFP NPC's for Dayz Expansion;@DayZ-Expansion-Bundle;@DayZ-Expansion-Licensed;@DayZ-Expansion-Animations;@STALKER NewHorizon ChernobylZone;@STALKER NewHorizon Objects;@Winter Chernarus V2;@Winter NH Chernobyl V2 (Re_uploading);@Winter Livonia;@SURFLAY_STALKER_NH;@DayZ Editor Loader;@AWBochka;@TrashCan_SZ&P;@ViewInventoryAnimation;@Underground Bases;@Zens Sleeping Mod;@OMD_Radio;@Stalker Light and Effects; servermod @SURFLAY_STALKER_NH_SERVER; cpuCount 4 dologs  adminlog  netlog  freezecheck  


------------------------------------
BRHD, 28.01 2026 00:44:45
[EntityAI::OnStoreLoad] :: [WARNING] :: Scripted variables corrupted upon "Hatchback_02_Black".
Entity will not be loaded correctly.
Function: 'main'
Stack trace:
$CurrentDir:mpmissions\mission.NHChernobyl\init.c:6 Function main

Runtime mode
CLI params: config serverDZ.cfg port 2302 profiles profile BEpath battleye mod @CF;@Dabs Framework;@VPPAdminTools;@SFP;@SFP_anim_system;@SFP NPC's for Dayz Expansion;@DayZ-Expansion-Bundle;@DayZ-Expansion-Licensed;@DayZ-Expansion-Animations;@STALKER NewHorizon ChernobylZone;@STALKER NewHorizon Objects;@Winter Chernarus V2;@Winter NH Chernobyl V2 (Re_uploading);@Winter Livonia;@SURFLAY_STALKER_NH;@DayZ Editor Loader;@AWBochka;@TrashCan_SZ&P;@ViewInventoryAnimation;@Underground Bases;@Zens Sleeping Mod;@OMD_Radio;@Stalker Light and Effects; servermod @SURFLAY_STALKER_NH_SERVER; cpuCount 4 dologs  adminlog  netlog  freezecheck  


------------------------------------
BRHD, 28.01 2026 00:44:45
[EntityAI::OnStoreLoad] :: [WARNING] :: Scripted variables corrupted upon "Hatchback_02_Black".
Entity will not be loaded correctly.
Function: 'main'
Stack trace:
$CurrentDir:mpmissions\mission.NHChernobyl\init.c:6 Function main

Runtime mode
CLI params: config serverDZ.cfg port 2302 profiles profile BEpath battleye mod @CF;@Dabs Framework;@VPPAdminTools;@SFP;@SFP_anim_system;@SFP NPC's for Dayz Expansion;@DayZ-Expansion-Bundle;@DayZ-Expansion-Licensed;@DayZ-Expansion-Animations;@STALKER NewHorizon ChernobylZone;@STALKER NewHorizon Objects;@Winter Chernarus V2;@Winter NH Chernobyl V2 (Re_uploading);@Winter Livonia;@SURFLAY_STALKER_NH;@DayZ Editor Loader;@AWBochka;@TrashCan_SZ&P;@ViewInventoryAnimation;@Underground Bases;@Zens Sleeping Mod;@OMD_Radio;@Stalker Light and Effects; servermod @SURFLAY_STALKER_NH_SERVER; cpuCount 4 dologs  adminlog  netlog  freezecheck  


------------------------------------
BRHD, 28.01 2026 00:44:45
[EntityAI::OnStoreLoad] :: [WARNING] :: Scripted variables corrupted upon "Hatchback_02_Black".
Entity will not be loaded correctly.
Function: 'main'
Stack trace:
$CurrentDir:mpmissions\mission.NHChernobyl\init.c:6 Function main

Runtime mode
CLI params: config serverDZ.cfg port 2302 profiles profile BEpath battleye mod @CF;@Dabs Framework;@VPPAdminTools;@SFP;@SFP_anim_system;@SFP NPC's for Dayz Expansion;@DayZ-Expansion-Bundle;@DayZ-Expansion-Licensed;@DayZ-Expansion-Animations;@STALKER NewHorizon ChernobylZone;@STALKER NewHorizon Objects;@Winter Chernarus V2;@Winter NH Chernobyl V2 (Re_uploading);@Winter Livonia;@SURFLAY_STALKER_NH;@DayZ Editor Loader;@AWBochka;@TrashCan_SZ&P;@ViewInventoryAnimation;@Underground Bases;@Zens Sleeping Mod;@OMD_Radio;@Stalker Light and Effects; servermod @SURFLAY_STALKER_NH_SERVER; cpuCount 4 dologs  adminlog  netlog  freezecheck  


------------------------------------
BRHD, 28.01 2026 00:44:45
[EntityAI::OnStoreLoad] :: [WARNING] :: Scripted variables corrupted upon "Hatchback_02_Blue".
Entity will not be loaded correctly.
Function: 'main'
Stack trace:
$CurrentDir:mpmissions\mission.NHChernobyl\init.c:6 Function main

Runtime mode
CLI params: config serverDZ.cfg port 2302 profiles profile BEpath battleye mod @CF;@Dabs Framework;@VPPAdminTools;@SFP;@SFP_anim_system;@SFP NPC's for Dayz Expansion;@DayZ-Expansion-Bundle;@DayZ-Expansion-Licensed;@DayZ-Expansion-Animations;@STALKER NewHorizon ChernobylZone;@STALKER NewHorizon Objects;@Winter Chernarus V2;@Winter NH Chernobyl V2 (Re_uploading);@Winter Livonia;@SURFLAY_STALKER_NH;@DayZ Editor Loader;@AWBochka;@TrashCan_SZ&P;@ViewInventoryAnimation;@Underground Bases;@Zens Sleeping Mod;@OMD_Radio;@Stalker Light and Effects; servermod @SURFLAY_STALKER_NH_SERVER; cpuCount 4 dologs  adminlog  netlog  freezecheck  


------------------------------------
BRHD, 28.01 2026 00:44:45
[EntityAI::OnStoreLoad] :: [WARNING] :: Scripted variables corrupted upon "Hatchback_02".
Entity will not be loaded correctly.
Function: 'main'
Stack trace:
$CurrentDir:mpmissions\mission.NHChernobyl\init.c:6 Function main

Runtime mode
CLI params: config serverDZ.cfg port 2302 profiles profile BEpath battleye mod @CF;@Dabs Framework;@VPPAdminTools;@SFP;@SFP_anim_system;@SFP NPC's for Dayz Expansion;@DayZ-Expansion-Bundle;@DayZ-Expansion-Licensed;@DayZ-Expansion-Animations;@STALKER NewHorizon ChernobylZone;@STALKER NewHorizon Objects;@Winter Chernarus V2;@Winter NH Chernobyl V2 (Re_uploading);@Winter Livonia;@SURFLAY_STALKER_NH;@DayZ Editor Loader;@AWBochka;@TrashCan_SZ&P;@ViewInventoryAnimation;@Underground Bases;@Zens Sleeping Mod;@OMD_Radio;@Stalker Light and Effects; servermod @SURFLAY_STALKER_NH_SERVER; cpuCount 4 dologs  adminlog  netlog  freezecheck  


------------------------------------
BRHD, 28.01 2026 00:44:45
[EntityAI::OnStoreLoad] :: [WARNING] :: Scripted variables corrupted upon "Hatchback_02".
Entity will not be loaded correctly.
Function: 'main'
Stack trace:
$CurrentDir:mpmissions\mission.NHChernobyl\init.c:6 Function main

Runtime mode
CLI params: config serverDZ.cfg port 2302 profiles profile BEpath battleye mod @CF;@Dabs Framework;@VPPAdminTools;@SFP;@SFP_anim_system;@SFP NPC's for Dayz Expansion;@DayZ-Expansion-Bundle;@DayZ-Expansion-Licensed;@DayZ-Expansion-Animations;@STALKER NewHorizon ChernobylZone;@STALKER NewHorizon Objects;@Winter Chernarus V2;@Winter NH Chernobyl V2 (Re_uploading);@Winter Livonia;@SURFLAY_STALKER_NH;@DayZ Editor Loader;@AWBochka;@TrashCan_SZ&P;@ViewInventoryAnimation;@Underground Bases;@Zens Sleeping Mod;@OMD_Radio;@Stalker Light and Effects; servermod @SURFLAY_STALKER_NH_SERVER; cpuCount 4 dologs  adminlog  netlog  freezecheck  


------------------------------------
BRHD, 28.01 2026 00:44:45
[EntityAI::OnStoreLoad] :: [WARNING] :: Scripted variables corrupted upon "Hatchback_02_Blue".
Entity will not be loaded correctly.
Function: 'main'
Stack trace:
$CurrentDir:mpmissions\mission.NHChernobyl\init.c:6 Function main

Runtime mode
CLI params: config serverDZ.cfg port 2302 profiles profile BEpath battleye mod @CF;@Dabs Framework;@VPPAdminTools;@SFP;@SFP_anim_system;@SFP NPC's for Dayz Expansion;@DayZ-Expansion-Bundle;@DayZ-Expansion-Licensed;@DayZ-Expansion-Animations;@STALKER NewHorizon ChernobylZone;@STALKER NewHorizon Objects;@Winter Chernarus V2;@Winter NH Chernobyl V2 (Re_uploading);@Winter Livonia;@SURFLAY_STALKER_NH;@DayZ Editor Loader;@AWBochka;@TrashCan_SZ&P;@ViewInventoryAnimation;@Underground Bases;@Zens Sleeping Mod;@OMD_Radio;@Stalker Light and Effects; servermod @SURFLAY_STALKER_NH_SERVER; cpuCount 4 dologs  adminlog  netlog  freezecheck  


------------------------------------
BRHD, 28.01 2026 00:44:45
[EntityAI::OnStoreLoad] :: [WARNING] :: Scripted variables corrupted upon "OffroadHatchback_White".
Entity will not be loaded correctly.
Function: 'main'
Stack trace:
$CurrentDir:mpmissions\mission.NHChernobyl\init.c:6 Function main

Runtime mode
CLI params: config serverDZ.cfg port 2302 profiles profile BEpath battleye mod @CF;@Dabs Framework;@VPPAdminTools;@SFP;@SFP_anim_system;@SFP NPC's for Dayz Expansion;@DayZ-Expansion-Bundle;@DayZ-Expansion-Licensed;@DayZ-Expansion-Animations;@STALKER NewHorizon ChernobylZone;@STALKER NewHorizon Objects;@Winter Chernarus V2;@Winter NH Chernobyl V2 (Re_uploading);@Winter Livonia;@SURFLAY_STALKER_NH;@DayZ Editor Loader;@AWBochka;@TrashCan_SZ&P;@ViewInventoryAnimation;@Underground Bases;@Zens Sleeping Mod;@OMD_Radio;@Stalker Light and Effects; servermod @SURFLAY_STALKER_NH_SERVER; cpuCount 4 dologs  adminlog  netlog  freezecheck  


------------------------------------
BRHD, 28.01 2026 00:44:45
[EntityAI::OnStoreLoad] :: [WARNING] :: Scripted variables corrupted upon "OffroadHatchback_Blue".
Entity will not be loaded correctly.
Function: 'main'
Stack trace:
$CurrentDir:mpmissions\mission.NHChernobyl\init.c:6 Function main

Runtime mode
CLI params: config serverDZ.cfg port 2302 profiles profile BEpath battleye mod @CF;@Dabs Framework;@VPPAdminTools;@SFP;@SFP_anim_system;@SFP NPC's for Dayz Expansion;@DayZ-Expansion-Bundle;@DayZ-Expansion-Licensed;@DayZ-Expansion-Animations;@STALKER NewHorizon ChernobylZone;@STALKER NewHorizon Objects;@Winter Chernarus V2;@Winter NH Chernobyl V2 (Re_uploading);@Winter Livonia;@SURFLAY_STALKER_NH;@DayZ Editor Loader;@AWBochka;@TrashCan_SZ&P;@ViewInventoryAnimation;@Underground Bases;@Zens Sleeping Mod;@OMD_Radio;@Stalker Light and Effects; servermod @SURFLAY_STALKER_NH_SERVER; cpuCount 4 dologs  adminlog  netlog  freezecheck  


------------------------------------
BRHD, 28.01 2026 00:44:45
[EntityAI::OnStoreLoad] :: [WARNING] :: Scripted variables corrupted upon "OffroadHatchback".
Entity will not be loaded correctly.
Function: 'main'
Stack trace:
$CurrentDir:mpmissions\mission.NHChernobyl\init.c:6 Function main

Runtime mode
CLI params: config serverDZ.cfg port 2302 profiles profile BEpath battleye mod @CF;@Dabs Framework;@VPPAdminTools;@SFP;@SFP_anim_system;@SFP NPC's for Dayz Expansion;@DayZ-Expansion-Bundle;@DayZ-Expansion-Licensed;@DayZ-Expansion-Animations;@STALKER NewHorizon ChernobylZone;@STALKER NewHorizon Objects;@Winter Chernarus V2;@Winter NH Chernobyl V2 (Re_uploading);@Winter Livonia;@SURFLAY_STALKER_NH;@DayZ Editor Loader;@AWBochka;@TrashCan_SZ&P;@ViewInventoryAnimation;@Underground Bases;@Zens Sleeping Mod;@OMD_Radio;@Stalker Light and Effects; servermod @SURFLAY_STALKER_NH_SERVER; cpuCount 4 dologs  adminlog  netlog  freezecheck  


------------------------------------
BRHD, 28.01 2026 00:44:45
[EntityAI::OnStoreLoad] :: [WARNING] :: Scripted variables corrupted upon "OffroadHatchback_White".
Entity will not be loaded correctly.
Function: 'main'
Stack trace:
$CurrentDir:mpmissions\mission.NHChernobyl\init.c:6 Function main

Runtime mode
CLI params: config serverDZ.cfg port 2302 profiles profile BEpath battleye mod @CF;@Dabs Framework;@VPPAdminTools;@SFP;@SFP_anim_system;@SFP NPC's for Dayz Expansion;@DayZ-Expansion-Bundle;@DayZ-Expansion-Licensed;@DayZ-Expansion-Animations;@STALKER NewHorizon ChernobylZone;@STALKER NewHorizon Objects;@Winter Chernarus V2;@Winter NH Chernobyl V2 (Re_uploading);@Winter Livonia;@SURFLAY_STALKER_NH;@DayZ Editor Loader;@AWBochka;@TrashCan_SZ&P;@ViewInventoryAnimation;@Underground Bases;@Zens Sleeping Mod;@OMD_Radio;@Stalker Light and Effects; servermod @SURFLAY_STALKER_NH_SERVER; cpuCount 4 dologs  adminlog  netlog  freezecheck  


------------------------------------
BRHD, 28.01 2026 00:44:45
[EntityAI::OnStoreLoad] :: [WARNING] :: Scripted variables corrupted upon "OffroadHatchback_White".
Entity will not be loaded correctly.
Function: 'main'
Stack trace:
$CurrentDir:mpmissions\mission.NHChernobyl\init.c:6 Function main

Runtime mode
CLI params: config serverDZ.cfg port 2302 profiles profile BEpath battleye mod @CF;@Dabs Framework;@VPPAdminTools;@SFP;@SFP_anim_system;@SFP NPC's for Dayz Expansion;@DayZ-Expansion-Bundle;@DayZ-Expansion-Licensed;@DayZ-Expansion-Animations;@STALKER NewHorizon ChernobylZone;@STALKER NewHorizon Objects;@Winter Chernarus V2;@Winter NH Chernobyl V2 (Re_uploading);@Winter Livonia;@SURFLAY_STALKER_NH;@DayZ Editor Loader;@AWBochka;@TrashCan_SZ&P;@ViewInventoryAnimation;@Underground Bases;@Zens Sleeping Mod;@OMD_Radio;@Stalker Light and Effects; servermod @SURFLAY_STALKER_NH_SERVER; cpuCount 4 dologs  adminlog  netlog  freezecheck  


------------------------------------
BRHD, 28.01 2026 00:44:45
[EntityAI::OnStoreLoad] :: [WARNING] :: Scripted variables corrupted upon "OffroadHatchback_White".
Entity will not be loaded correctly.
Function: 'main'
Stack trace:
$CurrentDir:mpmissions\mission.NHChernobyl\init.c:6 Function main

Runtime mode
CLI params: config serverDZ.cfg port 2302 profiles profile BEpath battleye mod @CF;@Dabs Framework;@VPPAdminTools;@SFP;@SFP_anim_system;@SFP NPC's for Dayz Expansion;@DayZ-Expansion-Bundle;@DayZ-Expansion-Licensed;@DayZ-Expansion-Animations;@STALKER NewHorizon ChernobylZone;@STALKER NewHorizon Objects;@Winter Chernarus V2;@Winter NH Chernobyl V2 (Re_uploading);@Winter Livonia;@SURFLAY_STALKER_NH;@DayZ Editor Loader;@AWBochka;@TrashCan_SZ&P;@ViewInventoryAnimation;@Underground Bases;@Zens Sleeping Mod;@OMD_Radio;@Stalker Light and Effects; servermod @SURFLAY_STALKER_NH_SERVER; cpuCount 4 dologs  adminlog  netlog  freezecheck  


------------------------------------
BRHD, 28.01 2026 00:44:45
[EntityAI::OnStoreLoad] :: [WARNING] :: Scripted variables corrupted upon "OffroadHatchback_Blue".
Entity will not be loaded correctly.
Function: 'main'
Stack trace:
$CurrentDir:mpmissions\mission.NHChernobyl\init.c:6 Function main

Runtime mode
CLI params: config serverDZ.cfg port 2302 profiles profile BEpath battleye mod @CF;@Dabs Framework;@VPPAdminTools;@SFP;@SFP_anim_system;@SFP NPC's for Dayz Expansion;@DayZ-Expansion-Bundle;@DayZ-Expansion-Licensed;@DayZ-Expansion-Animations;@STALKER NewHorizon ChernobylZone;@STALKER NewHorizon Objects;@Winter Chernarus V2;@Winter NH Chernobyl V2 (Re_uploading);@Winter Livonia;@SURFLAY_STALKER_NH;@DayZ Editor Loader;@AWBochka;@TrashCan_SZ&P;@ViewInventoryAnimation;@Underground Bases;@Zens Sleeping Mod;@OMD_Radio;@Stalker Light and Effects; servermod @SURFLAY_STALKER_NH_SERVER; cpuCount 4 dologs  adminlog  netlog  freezecheck  


------------------------------------
BRHD, 28.01 2026 00:44:45
[EntityAI::OnStoreLoad] :: [WARNING] :: Scripted variables corrupted upon "OffroadHatchback".
Entity will not be loaded correctly.
Function: 'main'
Stack trace:
$CurrentDir:mpmissions\mission.NHChernobyl\init.c:6 Function main

Runtime mode
CLI params: config serverDZ.cfg port 2302 profiles profile BEpath battleye mod @CF;@Dabs Framework;@VPPAdminTools;@SFP;@SFP_anim_system;@SFP NPC's for Dayz Expansion;@DayZ-Expansion-Bundle;@DayZ-Expansion-Licensed;@DayZ-Expansion-Animations;@STALKER NewHorizon ChernobylZone;@STALKER NewHorizon Objects;@Winter Chernarus V2;@Winter NH Chernobyl V2 (Re_uploading);@Winter Livonia;@SURFLAY_STALKER_NH;@DayZ Editor Loader;@AWBochka;@TrashCan_SZ&P;@ViewInventoryAnimation;@Underground Bases;@Zens Sleeping Mod;@OMD_Radio;@Stalker Light and Effects; servermod @SURFLAY_STALKER_NH_SERVER; cpuCount 4 dologs  adminlog  netlog  freezecheck  


------------------------------------
BRHD, 28.01 2026 00:44:45
[EntityAI::OnStoreLoad] :: [WARNING] :: Scripted variables corrupted upon "Sedan_02_Grey".
Entity will not be loaded correctly.
Function: 'main'
Stack trace:
$CurrentDir:mpmissions\mission.NHChernobyl\init.c:6 Function main

Runtime mode
CLI params: config serverDZ.cfg port 2302 profiles profile BEpath battleye mod @CF;@Dabs Framework;@VPPAdminTools;@SFP;@SFP_anim_system;@SFP NPC's for Dayz Expansion;@DayZ-Expansion-Bundle;@DayZ-Expansion-Licensed;@DayZ-Expansion-Animations;@STALKER NewHorizon ChernobylZone;@STALKER NewHorizon Objects;@Winter Chernarus V2;@Winter NH Chernobyl V2 (Re_uploading);@Winter Livonia;@SURFLAY_STALKER_NH;@DayZ Editor Loader;@AWBochka;@TrashCan_SZ&P;@ViewInventoryAnimation;@Underground Bases;@Zens Sleeping Mod;@OMD_Radio;@Stalker Light and Effects; servermod @SURFLAY_STALKER_NH_SERVER; cpuCount 4 dologs  adminlog  netlog  freezecheck  


------------------------------------
BRHD, 28.01 2026 00:44:45
[EntityAI::OnStoreLoad] :: [WARNING] :: Scripted variables corrupted upon "Sedan_02_Red".
Entity will not be loaded correctly.
Function: 'main'
Stack trace:
$CurrentDir:mpmissions\mission.NHChernobyl\init.c:6 Function main

Runtime mode
CLI params: config serverDZ.cfg port 2302 profiles profile BEpath battleye mod @CF;@Dabs Framework;@VPPAdminTools;@SFP;@SFP_anim_system;@SFP NPC's for Dayz Expansion;@DayZ-Expansion-Bundle;@DayZ-Expansion-Licensed;@DayZ-Expansion-Animations;@STALKER NewHorizon ChernobylZone;@STALKER NewHorizon Objects;@Winter Chernarus V2;@Winter NH Chernobyl V2 (Re_uploading);@Winter Livonia;@SURFLAY_STALKER_NH;@DayZ Editor Loader;@AWBochka;@TrashCan_SZ&P;@ViewInventoryAnimation;@Underground Bases;@Zens Sleeping Mod;@OMD_Radio;@Stalker Light and Effects; servermod @SURFLAY_STALKER_NH_SERVER; cpuCount 4 dologs  adminlog  netlog  freezecheck  


------------------------------------
BRHD, 28.01 2026 00:44:45
[EntityAI::OnStoreLoad] :: [WARNING] :: Scripted variables corrupted upon "Sedan_02".
Entity will not be loaded correctly.
Function: 'main'
Stack trace:
$CurrentDir:mpmissions\mission.NHChernobyl\init.c:6 Function main

Runtime mode
CLI params: config serverDZ.cfg port 2302 profiles profile BEpath battleye mod @CF;@Dabs Framework;@VPPAdminTools;@SFP;@SFP_anim_system;@SFP NPC's for Dayz Expansion;@DayZ-Expansion-Bundle;@DayZ-Expansion-Licensed;@DayZ-Expansion-Animations;@STALKER NewHorizon ChernobylZone;@STALKER NewHorizon Objects;@Winter Chernarus V2;@Winter NH Chernobyl V2 (Re_uploading);@Winter Livonia;@SURFLAY_STALKER_NH;@DayZ Editor Loader;@AWBochka;@TrashCan_SZ&P;@ViewInventoryAnimation;@Underground Bases;@Zens Sleeping Mod;@OMD_Radio;@Stalker Light and Effects; servermod @SURFLAY_STALKER_NH_SERVER; cpuCount 4 dologs  adminlog  netlog  freezecheck  


------------------------------------
BRHD, 28.01 2026 00:44:45
[EntityAI::OnStoreLoad] :: [WARNING] :: Scripted variables corrupted upon "Sedan_02_Red".
Entity will not be loaded correctly.
Function: 'main'
Stack trace:
$CurrentDir:mpmissions\mission.NHChernobyl\init.c:6 Function main

Runtime mode
CLI params: config serverDZ.cfg port 2302 profiles profile BEpath battleye mod @CF;@Dabs Framework;@VPPAdminTools;@SFP;@SFP_anim_system;@SFP NPC's for Dayz Expansion;@DayZ-Expansion-Bundle;@DayZ-Expansion-Licensed;@DayZ-Expansion-Animations;@STALKER NewHorizon ChernobylZone;@STALKER NewHorizon Objects;@Winter Chernarus V2;@Winter NH Chernobyl V2 (Re_uploading);@Winter Livonia;@SURFLAY_STALKER_NH;@DayZ Editor Loader;@AWBochka;@TrashCan_SZ&P;@ViewInventoryAnimation;@Underground Bases;@Zens Sleeping Mod;@OMD_Radio;@Stalker Light and Effects; servermod @SURFLAY_STALKER_NH_SERVER; cpuCount 4 dologs  adminlog  netlog  freezecheck  


------------------------------------
BRHD, 28.01 2026 00:44:45
[EntityAI::OnStoreLoad] :: [WARNING] :: Scripted variables corrupted upon "Sedan_02".
Entity will not be loaded correctly.
Function: 'main'
Stack trace:
$CurrentDir:mpmissions\mission.NHChernobyl\init.c:6 Function main

Runtime mode
CLI params: config serverDZ.cfg port 2302 profiles profile BEpath battleye mod @CF;@Dabs Framework;@VPPAdminTools;@SFP;@SFP_anim_system;@SFP NPC's for Dayz Expansion;@DayZ-Expansion-Bundle;@DayZ-Expansion-Licensed;@DayZ-Expansion-Animations;@STALKER NewHorizon ChernobylZone;@STALKER NewHorizon Objects;@Winter Chernarus V2;@Winter NH Chernobyl V2 (Re_uploading);@Winter Livonia;@SURFLAY_STALKER_NH;@DayZ Editor Loader;@AWBochka;@TrashCan_SZ&P;@ViewInventoryAnimation;@Underground Bases;@Zens Sleeping Mod;@OMD_Radio;@Stalker Light and Effects; servermod @SURFLAY_STALKER_NH_SERVER; cpuCount 4 dologs  adminlog  netlog  freezecheck  


------------------------------------
BRHD, 28.01 2026 00:44:45
[EntityAI::OnStoreLoad] :: [WARNING] :: Scripted variables corrupted upon "Sedan_02".
Entity will not be loaded correctly.
Function: 'main'
Stack trace:
$CurrentDir:mpmissions\mission.NHChernobyl\init.c:6 Function main

Runtime mode
CLI params: config serverDZ.cfg port 2302 profiles profile BEpath battleye mod @CF;@Dabs Framework;@VPPAdminTools;@SFP;@SFP_anim_system;@SFP NPC's for Dayz Expansion;@DayZ-Expansion-Bundle;@DayZ-Expansion-Licensed;@DayZ-Expansion-Animations;@STALKER NewHorizon ChernobylZone;@STALKER NewHorizon Objects;@Winter Chernarus V2;@Winter NH Chernobyl V2 (Re_uploading);@Winter Livonia;@SURFLAY_STALKER_NH;@DayZ Editor Loader;@AWBochka;@TrashCan_SZ&P;@ViewInventoryAnimation;@Underground Bases;@Zens Sleeping Mod;@OMD_Radio;@Stalker Light and Effects; servermod @SURFLAY_STALKER_NH_SERVER; cpuCount 4 dologs  adminlog  netlog  freezecheck  


------------------------------------
BRHD, 28.01 2026 00:44:45
[EntityAI::OnStoreLoad] :: [WARNING] :: Scripted variables corrupted upon "Sedan_02_Grey".
Entity will not be loaded correctly.
Function: 'main'
Stack trace:
$CurrentDir:mpmissions\mission.NHChernobyl\init.c:6 Function main

Runtime mode
CLI params: config serverDZ.cfg port 2302 profiles profile BEpath battleye mod @CF;@Dabs Framework;@VPPAdminTools;@SFP;@SFP_anim_system;@SFP NPC's for Dayz Expansion;@DayZ-Expansion-Bundle;@DayZ-Expansion-Licensed;@DayZ-Expansion-Animations;@STALKER NewHorizon ChernobylZone;@STALKER NewHorizon Objects;@Winter Chernarus V2;@Winter NH Chernobyl V2 (Re_uploading);@Winter Livonia;@SURFLAY_STALKER_NH;@DayZ Editor Loader;@AWBochka;@TrashCan_SZ&P;@ViewInventoryAnimation;@Underground Bases;@Zens Sleeping Mod;@OMD_Radio;@Stalker Light and Effects; servermod @SURFLAY_STALKER_NH_SERVER; cpuCount 4 dologs  adminlog  netlog  freezecheck  


------------------------------------
BRHD, 28.01 2026 00:44:45
[EntityAI::OnStoreLoad] :: [WARNING] :: Scripted variables corrupted upon "Sedan_02_Grey".
Entity will not be loaded correctly.
Function: 'main'
Stack trace:
$CurrentDir:mpmissions\mission.NHChernobyl\init.c:6 Function main

Runtime mode
CLI params: config serverDZ.cfg port 2302 profiles profile BEpath battleye mod @CF;@Dabs Framework;@VPPAdminTools;@SFP;@SFP_anim_system;@SFP NPC's for Dayz Expansion;@DayZ-Expansion-Bundle;@DayZ-Expansion-Licensed;@DayZ-Expansion-Animations;@STALKER NewHorizon ChernobylZone;@STALKER NewHorizon Objects;@Winter Chernarus V2;@Winter NH Chernobyl V2 (Re_uploading);@Winter Livonia;@SURFLAY_STALKER_NH;@DayZ Editor Loader;@AWBochka;@TrashCan_SZ&P;@ViewInventoryAnimation;@Underground Bases;@Zens Sleeping Mod;@OMD_Radio;@Stalker Light and Effects; servermod @SURFLAY_STALKER_NH_SERVER; cpuCount 4 dologs  adminlog  netlog  freezecheck  


------------------------------------
BRHD, 28.01 2026 00:44:45
[EntityAI::OnStoreLoad] :: [WARNING] :: Scripted variables corrupted upon "Truck_01_Covered_Blue".
Entity will not be loaded correctly.
Function: 'main'
Stack trace:
$CurrentDir:mpmissions\mission.NHChernobyl\init.c:6 Function main

Runtime mode
CLI params: config serverDZ.cfg port 2302 profiles profile BEpath battleye mod @CF;@Dabs Framework;@VPPAdminTools;@SFP;@SFP_anim_system;@SFP NPC's for Dayz Expansion;@DayZ-Expansion-Bundle;@DayZ-Expansion-Licensed;@DayZ-Expansion-Animations;@STALKER NewHorizon ChernobylZone;@STALKER NewHorizon Objects;@Winter Chernarus V2;@Winter NH Chernobyl V2 (Re_uploading);@Winter Livonia;@SURFLAY_STALKER_NH;@DayZ Editor Loader;@AWBochka;@TrashCan_SZ&P;@ViewInventoryAnimation;@Underground Bases;@Zens Sleeping Mod;@OMD_Radio;@Stalker Light and Effects; servermod @SURFLAY_STALKER_NH_SERVER; cpuCount 4 dologs  adminlog  netlog  freezecheck  


------------------------------------
BRHD, 28.01 2026 00:44:45
[EntityAI::OnStoreLoad] :: [WARNING] :: Scripted variables corrupted upon "Truck_01_Covered".
Entity will not be loaded correctly.
Function: 'main'
Stack trace:
$CurrentDir:mpmissions\mission.NHChernobyl\init.c:6 Function main

Runtime mode
CLI params: config serverDZ.cfg port 2302 profiles profile BEpath battleye mod @CF;@Dabs Framework;@VPPAdminTools;@SFP;@SFP_anim_system;@SFP NPC's for Dayz Expansion;@DayZ-Expansion-Bundle;@DayZ-Expansion-Licensed;@DayZ-Expansion-Animations;@STALKER NewHorizon ChernobylZone;@STALKER NewHorizon Objects;@Winter Chernarus V2;@Winter NH Chernobyl V2 (Re_uploading);@Winter Livonia;@SURFLAY_STALKER_NH;@DayZ Editor Loader;@AWBochka;@TrashCan_SZ&P;@ViewInventoryAnimation;@Underground Bases;@Zens Sleeping Mod;@OMD_Radio;@Stalker Light and Effects; servermod @SURFLAY_STALKER_NH_SERVER; cpuCount 4 dologs  adminlog  netlog  freezecheck  


------------------------------------
BRHD, 28.01 2026 00:44:45
[EntityAI::OnStoreLoad] :: [WARNING] :: Scripted variables corrupted upon "Truck_01_Covered".
Entity will not be loaded correctly.
Function: 'main'
Stack trace:
$CurrentDir:mpmissions\mission.NHChernobyl\init.c:6 Function main

Runtime mode
CLI params: config serverDZ.cfg port 2302 profiles profile BEpath battleye mod @CF;@Dabs Framework;@VPPAdminTools;@SFP;@SFP_anim_system;@SFP NPC's for Dayz Expansion;@DayZ-Expansion-Bundle;@DayZ-Expansion-Licensed;@DayZ-Expansion-Animations;@STALKER NewHorizon ChernobylZone;@STALKER NewHorizon Objects;@Winter Chernarus V2;@Winter NH Chernobyl V2 (Re_uploading);@Winter Livonia;@SURFLAY_STALKER_NH;@DayZ Editor Loader;@AWBochka;@TrashCan_SZ&P;@ViewInventoryAnimation;@Underground Bases;@Zens Sleeping Mod;@OMD_Radio;@Stalker Light and Effects; servermod @SURFLAY_STALKER_NH_SERVER; cpuCount 4 dologs  adminlog  netlog  freezecheck  


------------------------------------
BRHD, 28.01 2026 00:44:45
[EntityAI::OnStoreLoad] :: [WARNING] :: Scripted variables corrupted upon "Truck_01_Covered_Blue".
Entity will not be loaded correctly.
Function: 'main'
Stack trace:
$CurrentDir:mpmissions\mission.NHChernobyl\init.c:6 Function main

Runtime mode
CLI params: config serverDZ.cfg port 2302 profiles profile BEpath battleye mod @CF;@Dabs Framework;@VPPAdminTools;@SFP;@SFP_anim_system;@SFP NPC's for Dayz Expansion;@DayZ-Expansion-Bundle;@DayZ-Expansion-Licensed;@DayZ-Expansion-Animations;@STALKER NewHorizon ChernobylZone;@STALKER NewHorizon Objects;@Winter Chernarus V2;@Winter NH Chernobyl V2 (Re_uploading);@Winter Livonia;@SURFLAY_STALKER_NH;@DayZ Editor Loader;@AWBochka;@TrashCan_SZ&P;@ViewInventoryAnimation;@Underground Bases;@Zens Sleeping Mod;@OMD_Radio;@Stalker Light and Effects; servermod @SURFLAY_STALKER_NH_SERVER; cpuCount 4 dologs  adminlog  netlog  freezecheck  


------------------------------------
BRHD, 28.01 2026 00:44:45
[EntityAI::OnStoreLoad] :: [WARNING] :: Scripted variables corrupted upon "Truck_01_Covered".
Entity will not be loaded correctly.
Function: 'main'
Stack trace:
$CurrentDir:mpmissions\mission.NHChernobyl\init.c:6 Function main

Runtime mode
CLI params: config serverDZ.cfg port 2302 profiles profile BEpath battleye mod @CF;@Dabs Framework;@VPPAdminTools;@SFP;@SFP_anim_system;@SFP NPC's for Dayz Expansion;@DayZ-Expansion-Bundle;@DayZ-Expansion-Licensed;@DayZ-Expansion-Animations;@STALKER NewHorizon ChernobylZone;@STALKER NewHorizon Objects;@Winter Chernarus V2;@Winter NH Chernobyl V2 (Re_uploading);@Winter Livonia;@SURFLAY_STALKER_NH;@DayZ Editor Loader;@AWBochka;@TrashCan_SZ&P;@ViewInventoryAnimation;@Underground Bases;@Zens Sleeping Mod;@OMD_Radio;@Stalker Light and Effects; servermod @SURFLAY_STALKER_NH_SERVER; cpuCount 4 dologs  adminlog  netlog  freezecheck  


------------------------------------
BRHD, 28.01 2026 00:44:45
[EntityAI::OnStoreLoad] :: [WARNING] :: Scripted variables corrupted upon "Truck_01_Covered_Blue".
Entity will not be loaded correctly.
Function: 'main'
Stack trace:
$CurrentDir:mpmissions\mission.NHChernobyl\init.c:6 Function main

Runtime mode
CLI params: config serverDZ.cfg port 2302 profiles profile BEpath battleye mod @CF;@Dabs Framework;@VPPAdminTools;@SFP;@SFP_anim_system;@SFP NPC's for Dayz Expansion;@DayZ-Expansion-Bundle;@DayZ-Expansion-Licensed;@DayZ-Expansion-Animations;@STALKER NewHorizon ChernobylZone;@STALKER NewHorizon Objects;@Winter Chernarus V2;@Winter NH Chernobyl V2 (Re_uploading);@Winter Livonia;@SURFLAY_STALKER_NH;@DayZ Editor Loader;@AWBochka;@TrashCan_SZ&P;@ViewInventoryAnimation;@Underground Bases;@Zens Sleeping Mod;@OMD_Radio;@Stalker Light and Effects; servermod @SURFLAY_STALKER_NH_SERVER; cpuCount 4 dologs  adminlog  netlog  freezecheck  


------------------------------------
BRHD, 28.01 2026 00:44:45
[EntityAI::OnStoreLoad] :: [WARNING] :: Scripted variables corrupted upon "Truck_01_Covered".
Entity will not be loaded correctly.
Function: 'main'
Stack trace:
$CurrentDir:mpmissions\mission.NHChernobyl\init.c:6 Function main

Runtime mode
CLI params: config serverDZ.cfg port 2302 profiles profile BEpath battleye mod @CF;@Dabs Framework;@VPPAdminTools;@SFP;@SFP_anim_system;@SFP NPC's for Dayz Expansion;@DayZ-Expansion-Bundle;@DayZ-Expansion-Licensed;@DayZ-Expansion-Animations;@STALKER NewHorizon ChernobylZone;@STALKER NewHorizon Objects;@Winter Chernarus V2;@Winter NH Chernobyl V2 (Re_uploading);@Winter Livonia;@SURFLAY_STALKER_NH;@DayZ Editor Loader;@AWBochka;@TrashCan_SZ&P;@ViewInventoryAnimation;@Underground Bases;@Zens Sleeping Mod;@OMD_Radio;@Stalker Light and Effects; servermod @SURFLAY_STALKER_NH_SERVER; cpuCount 4 dologs  adminlog  netlog  freezecheck  


------------------------------------
BRHD, 28.01 2026 00:44:45
[EntityAI::OnStoreLoad] :: [WARNING] :: Scripted variables corrupted upon "Truck_01_Covered_Orange".
Entity will not be loaded correctly.
Function: 'main'
Stack trace:
$CurrentDir:mpmissions\mission.NHChernobyl\init.c:6 Function main

Runtime mode
CLI params: config serverDZ.cfg port 2302 profiles profile BEpath battleye mod @CF;@Dabs Framework;@VPPAdminTools;@SFP;@SFP_anim_system;@SFP NPC's for Dayz Expansion;@DayZ-Expansion-Bundle;@DayZ-Expansion-Licensed;@DayZ-Expansion-Animations;@STALKER NewHorizon ChernobylZone;@STALKER NewHorizon Objects;@Winter Chernarus V2;@Winter NH Chernobyl V2 (Re_uploading);@Winter Livonia;@SURFLAY_STALKER_NH;@DayZ Editor Loader;@AWBochka;@TrashCan_SZ&P;@ViewInventoryAnimation;@Underground Bases;@Zens Sleeping Mod;@OMD_Radio;@Stalker Light and Effects; servermod @SURFLAY_STALKER_NH_SERVER; cpuCount 4 dologs  adminlog  netlog  freezecheck  


------------------------------------
BRHD, 28.01 2026 00:44:45
[EntityAI::OnStoreLoad] :: [WARNING] :: Scripted variables corrupted upon "Hatchback_02".
Entity will not be loaded correctly.
Function: 'main'
Stack trace:
$CurrentDir:mpmissions\mission.NHChernobyl\init.c:6 Function main

Runtime mode
CLI params: config serverDZ.cfg port 2302 profiles profile BEpath battleye mod @CF;@Dabs Framework;@VPPAdminTools;@SFP;@SFP_anim_system;@SFP NPC's for Dayz Expansion;@DayZ-Expansion-Bundle;@DayZ-Expansion-Licensed;@DayZ-Expansion-Animations;@STALKER NewHorizon ChernobylZone;@STALKER NewHorizon Objects;@Winter Chernarus V2;@Winter NH Chernobyl V2 (Re_uploading);@Winter Livonia;@SURFLAY_STALKER_NH;@DayZ Editor Loader;@AWBochka;@TrashCan_SZ&P;@ViewInventoryAnimation;@Underground Bases;@Zens Sleeping Mod;@OMD_Radio;@Stalker Light and Effects; servermod @SURFLAY_STALKER_NH_SERVER; cpuCount 4 dologs  adminlog  netlog  freezecheck  
