---------------------------------------------
Log D:\DayZServer_SURFLAY_STALKER_NH\profile\script_2026-01-28_00-43-53.log started at 28.01. 00:43:53

SCRIPT       : Registered 426 temporary action enum(s), UAN==426
SCRIPT       : Registering faction type eAIFactionShamans ID -1484989417
SCRIPT       : Registering faction type eAIFactionObservers ID -563736721
SCRIPT       : Registering faction type eAIFactionInvincibleObservers ID -1227299746
SCRIPT       : Registering faction type eAIFactionRaiders ID 1535276022
SCRIPT       : Registering faction type eAIFactionYeetBrigade ID 1408543989
SCRIPT       : Registering faction type eAIFactionWest ID 113880155
SCRIPT       : Registering faction type eAIFactionInvincibleYeetBrigade ID -1118767876
SCRIPT       : Registering faction type eAIFactionEast ID 90522109
SCRIPT       : Registering faction type eAIFactionGuards ID 963933710
SCRIPT       : Registering faction type eAIFactionMercenaries ID 1629891834
SCRIPT       : Registering faction type eAIFactionBrawlers ID 1955753718
SCRIPT       : Registering faction type eAIFactionCivilian ID 1096178351
SCRIPT       : Registering faction type eAIFactionPassive ID -1159399789
SCRIPT       : Registering faction type eAIFactionInvincibleGuards ID 782746017
SCRIPT       : ... Backlit Effects Enabled
SCRIPT       : VPPNotificationManager()
SCRIPT       : [VPPAT] Internal VPPNotifications module loaded!
SCRIPT       : [DayZ Game]:: DayZGame(): Initializing V++ Admin Tools.
SCRIPT       : 00:43:57.000 [EXPANSION LOG]: DayZGame<cdd47dd0> Start time (local time) 2026-01-28 00:43:48
SCRIPT       : 00:43:57.000 [EXPANSION LOG]: DayZGame<cdd47dd0> Start time (UTC) 2026-01-27 21:43:48
SCRIPT       : 00:43:57.000 [EXPANSION LOG]: DayZGame<cdd47dd0> Runtime since start (seconds) 9.592
SCRIPT    (W): @"SFP2/scripts/4_World/edible\ingalatorspray.c,27": Missing ';' at the end of line
SCRIPT    (W): @"SFP2/scripts/4_World/edible\ingalatorspray.c,29": Missing ';' at the end of line
SCRIPT    (W): @"SFP2/scripts/4_World/edible\ingalatorspray.c,31": Missing ';' at the end of line
SCRIPT    (W): @"SFP2/scripts/4_World/edible\ingalatorspray.c,33": Missing ';' at the end of line
SCRIPT    (W): @"SFP2/scripts/4_World/edible\ingalatorspray.c,59": Missing ';' at the end of line
SCRIPT    (W): @"SFP2/scripts/4_World/edible\ingalatorspray.c,61": Missing ';' at the end of line
SCRIPT    (W): @"SFP3/scripts/4_World/item\pack_raspak\karton_random.c,47": FIX-ME: Unexpected statement 'ref'
SCRIPT    (W): @"SFP3/scripts/4_World/item\pack_raspak\karton_random.c,50": FIX-ME: Unexpected statement 'ref'
SCRIPT    (W): @"OMD_CarRadio/scripts/4_World/entities\vehicles\carscript.c,314": Missing ';' at the end of line
SCRIPT    (W): @"OMD_CarRadio/scripts/4_World/entities\itembase\radio.c,327": Missing ';' at the end of line
SCRIPT    (W): @"SFP3/scripts/4_World/item\itembase.c,291": FIX-ME: Overriding function 'IsSoundSynchRemote' but not marked as 'override'
SCRIPT    (W): @"SFP2/scripts/4_World/classes\useractionscomponent\regderzanie.c,28": FIX-ME: Overriding function 'RegisterOneHanded' but not marked as 'override'
SCRIPT    (W): @"SFP2/scripts/4_World/classes\useractionscomponent\regderzanie.c,56": FIX-ME: Overriding function 'RegisterTwoHanded' but not marked as 'override'
SCRIPT    (W): @"SFP3/scripts/4_World/registerik\derzanie.c,67": FIX-ME: Overriding function 'RegisterTwoHanded' but not marked as 'override'
SCRIPT    (W): @"SFP3/scripts/4_World/item\itembase.c,1062": FIX-ME: Overriding function 'IsSoundSynchRemote' but not marked as 'override'
SCRIPT    (W): @"UndergroundBases/scripts/4_World/undergroundhatch.c,345": FIX-ME: Overriding function 'FoldBaseBuildingObject' but not marked as 'override'
SCRIPT    (W): @"UndergroundBases/scripts/4_World/undergroundhatch.c,360": FIX-ME: Overriding function 'CreateConstructionKit' but not marked as 'override'
SCRIPT    (W): @"UndergroundBases/scripts/4_World/undergroundhatch.c,3": FIX-ME: Overriding function 'BaseClassName' but not marked as 'override'
SCRIPT    (W): @"UndergroundBases/scripts/4_World/undergroundhatch.c,9": FIX-ME: Overriding function 'BaseClassName' but not marked as 'override'
SCRIPT    (W): @"SFP2/scripts/4_World/muza\sfp_muz.c,1161": FIX-ME: Overriding function 'IsSoundSynchRemote' but not marked as 'override'
SCRIPT    (W): @"SFP2/scripts/4_World/muza\sfp_muz.c,271": FIX-ME: Overriding function 'IsSoundSynchRemote' but not marked as 'override'
SCRIPT    (W): @"SFP3/scripts/4_World/item\itembase.c,135": FIX-ME: Overriding function 'IsSoundSynchRemote' but not marked as 'override'
SCRIPT    (W): @"WinterLivoniaWorld\scripts\4_world/enoch.c,615": FIX-ME: Overriding function 'LogWeatherData' but not marked as 'override'
SCRIPT    (W): @"SFP2/scripts/4_World/muza\sfp_muz.c,795": FIX-ME: Overriding function 'IsSoundSynchRemote' but not marked as 'override'
SCRIPT    (W): @"TrashcanSZ/Scripts/4_World/barrels\trashcan.c,129": FIX-ME: Overloaded method 'CanReleaseCargo', argument name 'attachment' differs from prototype 'cargo'
SCRIPT    (W): @"SFP2_anim_scripts/scripts/4_World/classes\emoteconstructor.c,3": FIX-ME: Overriding function 'RegisterEmotes' but not marked as 'override'
SCRIPT    (W): @"SFP2/scripts/4_World/muza\sfp_muz.c,422": FIX-ME: Overriding function 'IsSoundSynchRemote' but not marked as 'override'
SCRIPT    (W): @"SFP2/scripts/4_World/muza\sfp_muz.c,1237": FIX-ME: Overriding function 'IsSoundSynchRemote' but not marked as 'override'
SCRIPT    (W): @"SFP2/scripts/4_World/muza\sfp_muz.c,346": FIX-ME: Overriding function 'IsSoundSynchRemote' but not marked as 'override'
SCRIPT    (W): @"SFP2/scripts/4_World/muza\sfp_muz.c,197": FIX-ME: Overriding function 'IsSoundSynchRemote' but not marked as 'override'
SCRIPT    (W): @"SFP2/scripts/4_World/muza\sfp_muz.c,942": FIX-ME: Overriding function 'IsSoundSynchRemote' but not marked as 'override'
SCRIPT    (W): @"SFP2/scripts/4_World/muza\sfp_muz.c,1499": FIX-ME: Overriding function 'IsSoundSynchRemote' but not marked as 'override'
SCRIPT    (W): @"SFP3/scripts/4_World/item\itembase.c,845": FIX-ME: Overriding function 'IsSoundSynchRemote' but not marked as 'override'
SCRIPT    (W): @"SFP2/scripts/4_World/muza\sfp_muz.c,1015": FIX-ME: Overriding function 'IsSoundSynchRemote' but not marked as 'override'
SCRIPT    (W): @"SFP2/scripts/4_World/muza\sfp_muz.c,869": FIX-ME: Overriding function 'IsSoundSynchRemote' but not marked as 'override'
SCRIPT    (W): @"SFP2/scripts/4_World/muza\sfp_muz.c,720": FIX-ME: Overriding function 'IsSoundSynchRemote' but not marked as 'override'
SCRIPT    (W): @"SFP3/scripts/4_World/item\itembase.c,62": FIX-ME: Overriding function 'IsSoundSynchRemote' but not marked as 'override'
SCRIPT    (W): @"SFP3/scripts/4_World/item\itembase.c,953": FIX-ME: Overriding function 'IsSoundSynchRemote' but not marked as 'override'
SCRIPT    (W): @"SFP2/scripts/4_World/muza\sfp_muz.c,568": FIX-ME: Overriding function 'IsSoundSynchRemote' but not marked as 'override'
SCRIPT    (W): @"SFP3/scripts/4_World/item\itembase.c,209": FIX-ME: Overriding function 'IsSoundSynchRemote' but not marked as 'override'
SCRIPT    (W): @"SFP2/scripts/4_World/muza\sfp_muz.c,495": FIX-ME: Overriding function 'IsSoundSynchRemote' but not marked as 'override'
SCRIPT    (W): @"SFP2/scripts/4_World/muza\sfp_muz.c,1088": FIX-ME: Overriding function 'IsSoundSynchRemote' but not marked as 'override'
SCRIPT    (W): @"SFP2/scripts/4_World/muza\sfp_muz.c,645": FIX-ME: Overriding function 'IsSoundSynchRemote' but not marked as 'override'
SCRIPT    (W): @"SFP2/scripts/4_World/molotov\contaminatedarea_molotov.c,37": FIX-ME: Overriding function 'PlayExplosionLight' but not marked as 'override'
SCRIPT    (W): @"SFP2/scripts/4_World/edible\stakangranen.c,78": FIX-ME: Overriding function 'IsSoundSynchRemote' but not marked as 'override'
SCRIPT       : Registering faction type eAIFactionLunatics ID 1167351711
SCRIPT       : Registering faction type eAIFactionInfected ID 1371958374
SCRIPT       : [DayZ Expansion] ~DayZGame
SCRIPT       : ~DayZGame()
