---------------------------------------------
Log D:\DayZServer_SURFLAY_STALKER_NH\profile\script_2026-01-28_01-10-59.log started at 28.01. 01:11:00

SCRIPT       : Registered 426 temporary action enum(s), UAN==426
SCRIPT       : Registering faction type eAIFactionShamans ID -1484989417
SCRIPT       : Registering faction type eAIFactionObservers ID -563736721
SCRIPT       : Registering faction type eAIFactionInvincibleObservers ID -1227299746
SCRIPT       : Registering faction type eAIFactionRaiders ID 1535276022
SCRIPT       : Registering faction type eAIFactionYeetBrigade ID 1408543989
SCRIPT       : Registering faction type eAIFactionWest ID 113880155
SCRIPT       : Registering faction type eAIFactionInvincibleYeetBrigade ID -1118767876
SCRIPT       : Registering faction type eAIFactionEast ID 90522109
SCRIPT       : Registering faction type eAIFactionGuards ID 963933710
SCRIPT       : Registering faction type eAIFactionMercenaries ID 1629891834
SCRIPT       : Registering faction type eAIFactionBrawlers ID 1955753718
SCRIPT       : Registering faction type eAIFactionCivilian ID 1096178351
SCRIPT       : Registering faction type eAIFactionPassive ID -1159399789
SCRIPT       : Registering faction type eAIFactionInvincibleGuards ID 782746017
SCRIPT       : ... Backlit Effects Enabled
SCRIPT       : VPPNotificationManager()
SCRIPT       : [VPPAT] Internal VPPNotifications module loaded!
SCRIPT       : [DayZ Game]:: DayZGame(): Initializing V++ Admin Tools.
SCRIPT       : 01:11:03.001 [EXPANSION LOG]: DayZGame<29ab97f0> Start time (local time) 2026-01-28 01:10:56
SCRIPT       : 01:11:03.001 [EXPANSION LOG]: DayZGame<29ab97f0> Start time (UTC) 2026-01-27 22:10:56
SCRIPT       : 01:11:03.001 [EXPANSION LOG]: DayZGame<29ab97f0> Runtime since start (seconds) 7.896
SCRIPT    (W): @"SFP2/scripts/4_World/edible\ingalatorspray.c,27": Missing ';' at the end of line
SCRIPT    (W): @"SFP2/scripts/4_World/edible\ingalatorspray.c,29": Missing ';' at the end of line
SCRIPT    (W): @"SFP2/scripts/4_World/edible\ingalatorspray.c,31": Missing ';' at the end of line
SCRIPT    (W): @"SFP2/scripts/4_World/edible\ingalatorspray.c,33": Missing ';' at the end of line
SCRIPT    (W): @"SFP2/scripts/4_World/edible\ingalatorspray.c,59": Missing ';' at the end of line
SCRIPT    (W): @"SFP2/scripts/4_World/edible\ingalatorspray.c,61": Missing ';' at the end of line
SCRIPT    (W): @"SFP3/scripts/4_World/item\pack_raspak\karton_random.c,47": FIX-ME: Unexpected statement 'ref'
SCRIPT    (W): @"SFP3/scripts/4_World/item\pack_raspak\karton_random.c,50": FIX-ME: Unexpected statement 'ref'
SCRIPT    (W): @"OMD_CarRadio/scripts/4_World/entities\vehicles\carscript.c,314": Missing ';' at the end of line
SCRIPT    (W): @"OMD_CarRadio/scripts/4_World/entities\itembase\radio.c,327": Missing ';' at the end of line
SCRIPT    (W): @"SFP3/scripts/4_World/item\itembase.c,291": FIX-ME: Overriding function 'IsSoundSynchRemote' but not marked as 'override'
SCRIPT    (W): @"SFP2/scripts/4_World/classes\useractionscomponent\regderzanie.c,28": FIX-ME: Overriding function 'RegisterOneHanded' but not marked as 'override'
SCRIPT    (W): @"SFP2/scripts/4_World/classes\useractionscomponent\regderzanie.c,56": FIX-ME: Overriding function 'RegisterTwoHanded' but not marked as 'override'
SCRIPT    (W): @"SFP3/scripts/4_World/registerik\derzanie.c,67": FIX-ME: Overriding function 'RegisterTwoHanded' but not marked as 'override'
SCRIPT    (W): @"SFP3/scripts/4_World/item\itembase.c,1062": FIX-ME: Overriding function 'IsSoundSynchRemote' but not marked as 'override'
SCRIPT    (W): @"UndergroundBases/scripts/4_World/undergroundhatch.c,345": FIX-ME: Overriding function 'FoldBaseBuildingObject' but not marked as 'override'
SCRIPT    (W): @"UndergroundBases/scripts/4_World/undergroundhatch.c,360": FIX-ME: Overriding function 'CreateConstructionKit' but not marked as 'override'
SCRIPT    (W): @"UndergroundBases/scripts/4_World/undergroundhatch.c,3": FIX-ME: Overriding function 'BaseClassName' but not marked as 'override'
SCRIPT    (W): @"UndergroundBases/scripts/4_World/undergroundhatch.c,9": FIX-ME: Overriding function 'BaseClassName' but not marked as 'override'
SCRIPT    (W): @"SFP2/scripts/4_World/muza\sfp_muz.c,1161": FIX-ME: Overriding function 'IsSoundSynchRemote' but not marked as 'override'
SCRIPT    (W): @"SFP2/scripts/4_World/muza\sfp_muz.c,271": FIX-ME: Overriding function 'IsSoundSynchRemote' but not marked as 'override'
SCRIPT    (W): @"SFP3/scripts/4_World/item\itembase.c,135": FIX-ME: Overriding function 'IsSoundSynchRemote' but not marked as 'override'
SCRIPT    (W): @"WinterLivoniaWorld\scripts\4_world/enoch.c,615": FIX-ME: Overriding function 'LogWeatherData' but not marked as 'override'
SCRIPT    (W): @"SFP2/scripts/4_World/muza\sfp_muz.c,795": FIX-ME: Overriding function 'IsSoundSynchRemote' but not marked as 'override'
SCRIPT    (W): @"TrashcanSZ/Scripts/4_World/barrels\trashcan.c,129": FIX-ME: Overloaded method 'CanReleaseCargo', argument name 'attachment' differs from prototype 'cargo'
SCRIPT    (W): @"SFP2_anim_scripts/scripts/4_World/classes\emoteconstructor.c,3": FIX-ME: Overriding function 'RegisterEmotes' but not marked as 'override'
SCRIPT    (W): @"SFP2/scripts/4_World/muza\sfp_muz.c,422": FIX-ME: Overriding function 'IsSoundSynchRemote' but not marked as 'override'
SCRIPT    (W): @"SFP2/scripts/4_World/muza\sfp_muz.c,1237": FIX-ME: Overriding function 'IsSoundSynchRemote' but not marked as 'override'
SCRIPT    (W): @"SFP2/scripts/4_World/muza\sfp_muz.c,346": FIX-ME: Overriding function 'IsSoundSynchRemote' but not marked as 'override'
SCRIPT    (W): @"SFP2/scripts/4_World/muza\sfp_muz.c,197": FIX-ME: Overriding function 'IsSoundSynchRemote' but not marked as 'override'
SCRIPT    (W): @"SFP2/scripts/4_World/muza\sfp_muz.c,942": FIX-ME: Overriding function 'IsSoundSynchRemote' but not marked as 'override'
SCRIPT    (W): @"SFP2/scripts/4_World/muza\sfp_muz.c,1499": FIX-ME: Overriding function 'IsSoundSynchRemote' but not marked as 'override'
SCRIPT    (W): @"SFP3/scripts/4_World/item\itembase.c,845": FIX-ME: Overriding function 'IsSoundSynchRemote' but not marked as 'override'
SCRIPT    (W): @"SFP2/scripts/4_World/muza\sfp_muz.c,1015": FIX-ME: Overriding function 'IsSoundSynchRemote' but not marked as 'override'
SCRIPT    (W): @"SFP2/scripts/4_World/muza\sfp_muz.c,869": FIX-ME: Overriding function 'IsSoundSynchRemote' but not marked as 'override'
SCRIPT    (W): @"SFP2/scripts/4_World/muza\sfp_muz.c,720": FIX-ME: Overriding function 'IsSoundSynchRemote' but not marked as 'override'
SCRIPT    (W): @"SFP3/scripts/4_World/item\itembase.c,62": FIX-ME: Overriding function 'IsSoundSynchRemote' but not marked as 'override'
SCRIPT    (W): @"SFP3/scripts/4_World/item\itembase.c,953": FIX-ME: Overriding function 'IsSoundSynchRemote' but not marked as 'override'
SCRIPT    (W): @"SFP2/scripts/4_World/muza\sfp_muz.c,568": FIX-ME: Overriding function 'IsSoundSynchRemote' but not marked as 'override'
SCRIPT    (W): @"SFP3/scripts/4_World/item\itembase.c,209": FIX-ME: Overriding function 'IsSoundSynchRemote' but not marked as 'override'
SCRIPT    (W): @"SFP2/scripts/4_World/muza\sfp_muz.c,495": FIX-ME: Overriding function 'IsSoundSynchRemote' but not marked as 'override'
SCRIPT    (W): @"SFP2/scripts/4_World/muza\sfp_muz.c,1088": FIX-ME: Overriding function 'IsSoundSynchRemote' but not marked as 'override'
SCRIPT    (W): @"SFP2/scripts/4_World/muza\sfp_muz.c,645": FIX-ME: Overriding function 'IsSoundSynchRemote' but not marked as 'override'
SCRIPT    (W): @"SFP2/scripts/4_World/molotov\contaminatedarea_molotov.c,37": FIX-ME: Overriding function 'PlayExplosionLight' but not marked as 'override'
SCRIPT    (W): @"SFP2/scripts/4_World/edible\stakangranen.c,78": FIX-ME: Overriding function 'IsSoundSynchRemote' but not marked as 'override'
SCRIPT       : Registering faction type eAIFactionLunatics ID 1167351711
SCRIPT       : Registering faction type eAIFactionInfected ID 1371958374
SCRIPT       : 01:11:15.259 [WARNING]	SFP2/scripts/Data/Credits.json: File "SFP2/scripts/Data/Credits.json" does not exist, check the provided path
SCRIPT       : 01:11:15.259 [WARNING]	SFP2_anim_scripts/scripts/Data/Credits.json: File "SFP2_anim_scripts/scripts/Data/Credits.json" does not exist, check the provided path
SCRIPT       : 01:11:15.259 [WARNING]	SFP3/scripts/Data/Credits.json: File "SFP3/scripts/Data/Credits.json" does not exist, check the provided path
SCRIPT       : 01:11:15.260 [WARNING]	SFP/scripts/Data/Credits.json: File "SFP/scripts/Data/Credits.json" does not exist, check the provided path
SCRIPT    (W): @"MainMenu/scripts/5_Mission/mainmenu\mainmenu.c,115": FIX-ME: Overriding function 'OnChangeCharacter' but not marked as 'override'
SCRIPT    (W): @"SFP2_anim_scripts/scripts/5_Mission/gui\gesturesmenu.c,14": FIX-ME: Overriding function 'CloseMenu' but not marked as 'override'
SCRIPT    (W): @"SFP2_anim_scripts/scripts/5_Mission/gui\gesturesmenu.c,23": FIX-ME: Overriding function 'GetGestureItems' but not marked as 'override'
SCRIPT    (W): @"SFP2_anim_scripts/scripts/5_Mission/gui\gesturesmenu.c,23": FIX-ME: Method argument can't be strong reference
SCRIPT       : [SERVER :: Vanilla++ AdminTools Plugins Registering]
SCRIPT       : Spawning Building [Land_psilight_wall4_dn-5070100974]
SCRIPT       : Spawning Building [Land_psilight_wall4_dn-506698967]
SCRIPT       : Spawning Building [Land_psilight_wall4_dn-507298965]
SCRIPT       : Spawning Building [Land_psilight_lustre2_dn-508196956]
SCRIPT       : Spawning Building [Land_psilight_wall5_dn-507397964]
SCRIPT       : Spawning Building [Land_psilight_galogen_lamp2_dn-507898960]
SCRIPT       : Spawning Building [SFP_USSR_Radio_SidorBunker-507896962]
SCRIPT       : Spawning Building [Land_psilight_wall2_dn-519798933]
SCRIPT       : Spawning Building [Land_psilight_wall2_dn-519298927]
SCRIPT       : Spawning Building [Land_psilight_wall2_dn-518898930]
SCRIPT       : Spawning Building [Land_psilight_wall2_dn-519198928]
SCRIPT       : Spawning Building [Land_psilight_wall2_dn-520197922]
SCRIPT       : Spawning Building [Land_psilight_wall2_dn-5197100921]
SCRIPT       : Spawning Building [ExpansionPersonalStorageHub-000]
SCRIPT       : 01:11:20.976 [EXPANSION DEBUG]: [ExpansionCoreSettings] Load existing setting file:$profile:ExpansionMod\Settings\CoreSettings.json
SCRIPT       : 01:11:20.977 [EXPANSION DEBUG]: [ExpansionLogSettings] Load existing setting file:$profile:ExpansionMod\Settings\LogsSettings.json
SCRIPT       : 01:11:20.977 [EXPANSION DEBUG]: [ExpansionNotificationSettings] Load existing setting file:$profile:ExpansionMod\Settings\NotificationSettings.json
SCRIPT       : 01:11:20.978 [EXPANSION DEBUG]: [ExpansionMonitoringSettings] Load existing setting file:$profile:ExpansionMod\Settings\MonitoringSettings.json
SCRIPT       : 01:11:20.978 [EXPANSION DEBUG]: [ExpansionDamageSystemSettings] Load existing setting file:$profile:ExpansionMod\Settings\DamageSystemSettings.json
SCRIPT       : 01:11:20.979 [EXPANSION DEBUG]: [ExpansionPartySettings] Load existing setting file:$profile:ExpansionMod\Settings\PartySettings.json
SCRIPT       : 01:11:20.979 [EXPANSION DEBUG]: [ExpansionHardlineSettings] Load existing setting file:$mission:expansion\settings\HardlineSettings.json
SCRIPT       : 01:11:20.988 [EXPANSION DEBUG]: [ExpansionMarketSettings] Load existing setting file:$mission:expansion\settings\MarketSettings.json
SCRIPT       : ExpansionMarketSettings::LoadCategories - Adding category ID 1 (Ammo)
SCRIPT       : ExpansionMarketSettings::LoadCategories - Adding category ID 2 (Ammo_Boxes)
SCRIPT       : ExpansionMarketSettings::LoadCategories - Adding category ID 3 (Armbands)
SCRIPT       : ExpansionMarketSettings::LoadCategories - Adding category ID 4 (Assault_Rifles)
SCRIPT       : ExpansionMarketSettings::LoadCategories - Adding category ID 5 (Backpacks)
SCRIPT       : ExpansionMarketSettings::LoadCategories - Adding category ID 6 (Bandanas)
SCRIPT       : ExpansionMarketSettings::LoadCategories - Adding category ID 7 (Batteries)
SCRIPT       : ExpansionMarketSettings::LoadCategories - Adding category ID 8 (Bayonets)
SCRIPT       : ExpansionMarketSettings::LoadCategories - Adding category ID 9 (Belts)
SCRIPT       : ExpansionMarketSettings::LoadCategories - Adding category ID 10 (Blouses_And_Suits)
SCRIPT       : ExpansionMarketSettings::LoadCategories - Adding category ID 11 (Boats)
SCRIPT       : ExpansionMarketSettings::LoadCategories - Adding category ID 12 (Boots_And_Shoes)
SCRIPT       : ExpansionMarketSettings::LoadCategories - Adding category ID 13 (Buttstocks)
SCRIPT       : ExpansionMarketSettings::LoadCategories - Adding category ID 14 (Caps)
SCRIPT       : ExpansionMarketSettings::LoadCategories - Adding category ID 15 (Cars)
SCRIPT       : ExpansionMarketSettings::LoadCategories - Adding category ID 16 (Coats_And_Jackets)
SCRIPT       : ExpansionMarketSettings::LoadCategories - Adding category ID 17 (Containers)
SCRIPT       : ExpansionMarketSettings::LoadCategories - Adding category ID 18 (Crossbows)
SCRIPT       : ExpansionMarketSettings::LoadCategories - Adding category ID 19 (Drinks)
SCRIPT       : ExpansionMarketSettings::LoadCategories - Adding category ID 20 (Electronics)
SCRIPT       : ExpansionMarketSettings::LoadCategories - Adding category ID 21 (Event)
SCRIPT       : ExpansionMarketSettings::LoadCategories - Adding category ID 22 (Exchange)
SCRIPT       : ExpansionMarketSettings::LoadCategories - Adding category ID 23 (Explosives_And_Grenades)
SCRIPT       : ExpansionMarketSettings::LoadCategories - Adding category ID 24 (Eyewear)
SCRIPT       : ExpansionMarketSettings::LoadCategories - Adding category ID 25 (Fish)
SCRIPT       : ExpansionMarketSettings::LoadCategories - Adding category ID 26 (Fishing)
SCRIPT       : ExpansionMarketSettings::LoadCategories - Adding category ID 27 (Flags)
SCRIPT       : ExpansionMarketSettings::LoadCategories - Adding category ID 28 (Food)
SCRIPT       : ExpansionMarketSettings::LoadCategories - Adding category ID 29 (Fruit_And_Vegetables)
SCRIPT       : ExpansionMarketSettings::LoadCategories - Adding category ID 30 (Furnishings)
SCRIPT       : ExpansionMarketSettings::LoadCategories - Adding category ID 31 (Gardening)
SCRIPT       : ExpansionMarketSettings::LoadCategories - Adding category ID 32 (Ghillies)
SCRIPT       : ExpansionMarketSettings::LoadCategories - Adding category ID 33 (Gloves)
SCRIPT       : ExpansionMarketSettings::LoadCategories - Adding category ID 34 (Handguards)
SCRIPT       : ExpansionMarketSettings::LoadCategories - Adding category ID 35 (Hats_And_Hoods)
SCRIPT       : ExpansionMarketSettings::LoadCategories - Adding category ID 36 (Helicopters)
SCRIPT       : ExpansionMarketSettings::LoadCategories - Adding category ID 37 (Helmets)
SCRIPT       : ExpansionMarketSettings::LoadCategories - Adding category ID 38 (Holsters_And_Pouches)
SCRIPT       : ExpansionMarketSettings::LoadCategories - Adding category ID 39 (Kits)
SCRIPT       : ExpansionMarketSettings::LoadCategories - Adding category ID 40 (Knifes)
SCRIPT       : ExpansionMarketSettings::LoadCategories - Adding category ID 41 (Launchers)
SCRIPT       : ExpansionMarketSettings::LoadCategories - Adding category ID 42 (Lights)
SCRIPT       : ExpansionMarketSettings::LoadCategories - Adding category ID 43 (Liquids)
SCRIPT       : ExpansionMarketSettings::LoadCategories - Adding category ID 44 (Locks)
SCRIPT       : ExpansionMarketSettings::LoadCategories - Adding category ID 45 (Magazines)
SCRIPT       : ExpansionMarketSettings::LoadCategories - Adding category ID 46 (Masks)
SCRIPT       : ExpansionMarketSettings::LoadCategories - Adding category ID 47 (Meat)
SCRIPT       : ExpansionMarketSettings::LoadCategories - Adding category ID 48 (Medical)
SCRIPT       : ExpansionMarketSettings::LoadCategories - Adding category ID 49 (Melee_Weapons)
SCRIPT       : ExpansionMarketSettings::LoadCategories - Adding category ID 50 (Muzzles)
SCRIPT       : ExpansionMarketSettings::LoadCategories - Adding category ID 51 (Navigation)
SCRIPT       : ExpansionMarketSettings::LoadCategories - Adding category ID 52 (Optics)
SCRIPT       : ExpansionMarketSettings::LoadCategories - Adding category ID 53 (Pants_And_Shorts)
SCRIPT       : ExpansionMarketSettings::LoadCategories - Adding category ID 54 (Pistols)
SCRIPT       : ExpansionMarketSettings::LoadCategories - Adding category ID 55 (Rifles)
SCRIPT       : ExpansionMarketSettings::LoadCategories - Adding category ID 56 (Shirts_And_TShirts)
SCRIPT       : ExpansionMarketSettings::LoadCategories - Adding category ID 57 (Shotguns)
SCRIPT       : ExpansionMarketSettings::LoadCategories - Adding category ID 58 (Skirts_And_Dresses)
SCRIPT       : ExpansionMarketSettings::LoadCategories - Adding category ID 59 (Sniper_Rifles)
SCRIPT       : ExpansionMarketSettings::LoadCategories - Adding category ID 60 (Spraycans)
SCRIPT       : ExpansionMarketSettings::LoadCategories - Adding category ID 61 (Submachine_Guns)
SCRIPT       : ExpansionMarketSettings::LoadCategories - Adding category ID 62 (Supplies)
SCRIPT       : ExpansionMarketSettings::LoadCategories - Adding category ID 63 (Sweaters_And_Hoodies)
SCRIPT       : ExpansionMarketSettings::LoadCategories - Adding category ID 64 (Tents)
SCRIPT       : ExpansionMarketSettings::LoadCategories - Adding category ID 65 (Tools)
SCRIPT       : ExpansionMarketSettings::LoadCategories - Adding category ID 66 (Vehicle_Parts)
SCRIPT       : ExpansionMarketSettings::LoadCategories - Adding category ID 67 (Vests)
SCRIPT       : 01:11:21.160 [EXPANSION DEBUG]: [ExpansionAirdropSettings] Load existing setting file:$profile:ExpansionMod\Settings\AirdropSettings.json
SCRIPT       : 01:11:21.161 [EXPANSION DEBUG]: [ExpansionMissionSettings] Load existing setting file:$profile:ExpansionMod\Settings\MissionSettings.json
SCRIPT       : 01:11:21.161 [EXPANSION DEBUG]: [ExpansionMapSettings] Load existing setting file:$mission:expansion\settings\MapSettings.json
SCRIPT       : 01:11:21.173 [EXPANSION DEBUG]: [ExpansionPersonalStorageNewSettings] Load existing setting file:$profile:ExpansionMod\Settings\PersonalStorageNewSettings.json
SCRIPT       : 01:11:21.174 [EXPANSION DEBUG]: [ExpansionGeneralSettings] Load existing setting file:$profile:ExpansionMod\Settings\GeneralSettings.json
SCRIPT       : 01:11:21.175 [EXPANSION DEBUG]: [ExpansionPlayerListSettings] Load existing setting file:$profile:ExpansionMod\Settings\PlayerListSettings.json
SCRIPT       : 01:11:21.175 [EXPANSION DEBUG]: [ExpansionSocialMediaSettings] Load existing setting file:$profile:ExpansionMod\Settings\SocialMediaSettings.json
SCRIPT       : 01:11:21.175 [EXPANSION DEBUG]: [ExpansionSpawnSettings] Load existing setting file:$mission:expansion\settings\SpawnSettings.json
SCRIPT       : 01:11:21.176 [EXPANSION DEBUG]: [ExpansionVehicleSettings] Load existing setting file:$profile:ExpansionMod\Settings\VehicleSettings.json
SCRIPT       : 01:11:21.176 [EXPANSION DEBUG]: ExpansionAILocationSettings<7583d670> Load existing setting file:$mission:expansion\settings\AILocationSettings.json
SCRIPT       : 01:11:21.177 [EXPANSION DEBUG]: [ExpansionAISettings] Load existing setting file:$profile:ExpansionMod\Settings\AISettings.json
SCRIPT       : 01:11:21.178 [EXPANSION DEBUG]: [ExpansionAIPatrolSettings] Load existing setting file:$mission:expansion\settings\AIPatrolSettings.json
SCRIPT       : 01:11:21.191 [EXPANSION DEBUG]: [ExpansionBaseBuildingSettings] Load existing setting file:$mission:expansion\settings\BaseBuildingSettings.json
SCRIPT       : 01:11:21.192 [EXPANSION DEBUG]: [ExpansionRaidSettings] Load existing setting file:$profile:ExpansionMod\Settings\RaidSettings.json
SCRIPT       : 01:11:21.192 [EXPANSION DEBUG]: [ExpansionTerritorySettings] Load existing setting file:$profile:ExpansionMod\Settings\TerritorySettings.json
SCRIPT       : 01:11:21.195 [EXPANSION DEBUG]: [ExpansionChatSettings] Load existing setting file:$profile:ExpansionMod\Settings\ChatSettings.json
SCRIPT       : Expansion version: 1.9.53
SCRIPT       : [DefineTest] EXPANSIONMOD is defined
SCRIPT       : [DefineTest] EXPANSIONMODAI is defined
SCRIPT       : [DefineTest] EXPANSIONMODANIMATIONS is defined
SCRIPT       : [DefineTest] EXPANSIONMODBASEBUILDING is defined
SCRIPT       : [DefineTest] EXPANSIONMODBOOK is defined
SCRIPT       : [DefineTest] EXPANSIONMODCHAT is defined
SCRIPT       : [DefineTest] EXPANSIONMODCORE is defined
SCRIPT       : [DefineTest] EXPANSIONMODGARAGE is defined
SCRIPT       : [DefineTest] EXPANSIONMODGROUPS is defined
SCRIPT       : [DefineTest] EXPANSIONMODHARDLINE is defined
SCRIPT       : [DefineTest] EXPANSIONMODKILLFEED is defined
SCRIPT       : [DefineTest] EXPANSIONMODMAPASSETS is defined
SCRIPT       : [DefineTest] EXPANSIONMODMARKET is defined
SCRIPT       : [DefineTest] EXPANSIONMODMISSIONS is defined
SCRIPT       : [DefineTest] EXPANSIONMODNAMETAGS is defined
SCRIPT       : [DefineTest] EXPANSIONMODNAVIGATION is defined
SCRIPT       : [DefineTest] EXPANSIONMODP2PMARKET is defined
SCRIPT       : [DefineTest] EXPANSIONMODPERSONALSTORAGE is defined
SCRIPT       : [DefineTest] EXPANSIONMODQUESTS is defined
SCRIPT       : [DefineTest] EXPANSIONMODSPAWNSELECTION is defined
SCRIPT       : [DefineTest] EXPANSIONMODVEHICLE is defined
SCRIPT       : [DefineTest] EXPANSIONMODWEAPONS is defined
SCRIPT       : [DefineTest] CfgMods:
SCRIPT       : defaultAction
SCRIPT       : DayZ
SCRIPT       : DZ_Expansion_AI_Preload
SCRIPT       : DZ_Expansion_Animations_Preload
SCRIPT       : DZ_Expansion_BaseBuilding_Preload
SCRIPT       : DZ_Expansion_Book_Preload
SCRIPT       : DZ_Expansion_Chat_Preload
SCRIPT       : DZ_Expansion_Core_Preload
SCRIPT       : DZ_Expansion_Garage_Preload
SCRIPT       : DZ_Expansion_Groups_Preload
SCRIPT       : DZ_Expansion_Hardline_Preload
SCRIPT       : DZ_Expansion_KillFeed_Preload
SCRIPT       : DZ_Expansion_MapAssets_Preload
SCRIPT       : DZ_Expansion_Market_Preload
SCRIPT       : DZ_Expansion_Missions_Preload
SCRIPT       : DZ_Expansion_ModStorage_Preload
SCRIPT       : DZ_Expansion_NameTags_Preload
SCRIPT       : DZ_Expansion_Navigation_Preload
SCRIPT       : DZ_Expansion_P2PMarket_Preload
SCRIPT       : DZ_Expansion_PersonalStorage_Preload
SCRIPT       : DZ_Expansion_Preload
SCRIPT       : DZ_Expansion_Quests_Preload
SCRIPT       : DZ_Expansion_SpawnSelection_Preload
SCRIPT       : DZ_Expansion_Vehicles_Preload
SCRIPT       : DZ_Expansion_Weapons_Preload
SCRIPT       : DabsFramework
SCRIPT       : DZ_Expansion_DefineTest
SCRIPT       : DZ_Expansion_MapAssets
SCRIPT       : sakhal
SCRIPT       : EditorLoader
SCRIPT       : IceFishing
SCRIPT       : JM_CommunityFramework
SCRIPT       : NH_Objects_Scripts
SCRIPT       : Ps1holog_Effects
SCRIPT       : Ps1holog_Light
SCRIPT       : SFP2_framework
SCRIPT       : SFP2_anim_scripts
SCRIPT       : SFP3_framework
SCRIPT       : SFP_framework
SCRIPT       : TrashcanSZ
SCRIPT       : UndergroundBases
SCRIPT       : ViewInventoryAnimation
SCRIPT       : AVPPAdminTools
SCRIPT       : Vybros
SCRIPT       : WinterChernarusV2Scripts
SCRIPT       : WinterChernarusV2
SCRIPT       : WinterLivoniaWorld
SCRIPT       : ZenSleep
SCRIPT       : DZ_Expansion_ModStorage
SCRIPT       : MainMenu
SCRIPT       : VybrosServer
SCRIPT       : AWBochka
SCRIPT       : DZ_Expansion_Core
SCRIPT       : DZ_Expansion_Garage
SCRIPT       : DZ_Expansion_Groups
SCRIPT       : DZ_Expansion_Market
SCRIPT       : DZ_Expansion_Missions
SCRIPT       : DZ_Expansion_NameTags
SCRIPT       : DZ_Expansion_Navigation
SCRIPT       : DZ_Expansion_NotificationScheduler
SCRIPT       : DZ_Expansion_P2PMarket
SCRIPT       : DZ_Expansion_PersonalStorage
SCRIPT       : DZ_Expansion_PersonalStorageNew
SCRIPT       : DZ_Expansion_PlayerList
SCRIPT       : DZ_Expansion
SCRIPT       : DZ_Expansion_SpawnSelection
SCRIPT       : DZ_Expansion_VanillaFixes
SCRIPT       : DZ_Expansion_Vehicles
SCRIPT       : DZ_Expansion_Weapons
SCRIPT       : OMD_CarRadio
SCRIPT       : SFP_NPCs_DE
SCRIPT       : DZ_Expansion_AI
SCRIPT       : DZ_Expansion_BaseBuilding
SCRIPT       : DZ_Expansion_Book
SCRIPT       : DZ_Expansion_Chat
SCRIPT       : DZ_Expansion_Hardline
SCRIPT       : DZ_Expansion_Quests
SCRIPT       : DZ_Expansion_VirtualContainerStorage
SCRIPT       : [UndergroundBase] OnInit
SCRIPT       : [UndergroundBase] Config Init
SCRIPT       : [MissionServer] OnInit - Server
SCRIPT       : Repair barrel created
SCRIPT       : 01:11:24.732 [EXPANSION DEBUG]: LoadMissionTradersFile trader SFP_NPC_SidorCompleks_ai_TRADER<599e4010> fileName Sidor
SCRIPT       : 01:11:24.734 [EXPANSION DEBUG]: SFP_NPC_SidorCompleks_ai_TRADER<599e4010>::SetTraderObject ExpansionTraderObjectBase<f9a39b10> <5076.600098, 95.000000, 962.604980>
SCRIPT       : [ExpansionQuestPersistentServerData] Load existing configuration file:$profile:ExpansionMod\Quests\PersistentServerData.json
SCRIPT       : [ExpansionQuestPersistentServerData] Load existing configuration file:$profile:ExpansionMod\Quests\PersistentServerData.json
SCRIPT       : [ExpansionQuestObjectiveTravelConfig] Load existing configuration file:$profile:ExpansionMod\Quests\Objectives\Travel\Objective_T_1.json
SCRIPT       : [ExpansionQuestObjectiveTravelConfig] Load existing configuration file:$profile:ExpansionMod\Quests\Objectives\Travel\Objective_T_2.json
SCRIPT       : [ExpansionQuestObjectiveTravelConfig] Load existing configuration file:$profile:ExpansionMod\Quests\Objectives\Travel\Objective_T_3.json
SCRIPT       : [ExpansionQuestObjectiveTravelConfig] Load existing configuration file:$profile:ExpansionMod\Quests\Objectives\Travel\Objective_T_4.json
SCRIPT       : [ExpansionQuestObjectiveTravelConfig] Load existing configuration file:$profile:ExpansionMod\Quests\Objectives\Travel\Objective_T_5.json
SCRIPT       : [ExpansionQuestObjectiveTravelConfig] Load existing configuration file:$profile:ExpansionMod\Quests\Objectives\Travel\Objective_T_6.json
SCRIPT       : [ExpansionQuestObjectiveTravelConfig] Load existing configuration file:$profile:ExpansionMod\Quests\Objectives\Travel\Objective_T_7.json
SCRIPT       : [ExpansionQuestObjectiveTargetConfig] Load existing configuration file:$profile:ExpansionMod\Quests\Objectives\Target\Objective_TA_1.json
SCRIPT       : [ExpansionQuestObjectiveTargetConfig] Load existing configuration file:$profile:ExpansionMod\Quests\Objectives\Target\Objective_TA_2.json
SCRIPT       : [ExpansionQuestObjectiveTargetConfig] Load existing configuration file:$profile:ExpansionMod\Quests\Objectives\Target\Objective_TA_3.json
SCRIPT       : [ExpansionQuestObjectiveTargetConfig] Load existing configuration file:$profile:ExpansionMod\Quests\Objectives\Target\Objective_TA_4.json
SCRIPT       : [ExpansionQuestObjectiveDeliveryConfig] Load existing configuration file:$profile:ExpansionMod\Quests\Objectives\Delivery\Objective_D_1.json
SCRIPT       : [ExpansionQuestObjectiveDeliveryConfig] Load existing configuration file:$profile:ExpansionMod\Quests\Objectives\Delivery\Objective_D_2.json
SCRIPT       : [ExpansionQuestObjectiveCollectionConfig] Load existing configuration file:$profile:ExpansionMod\Quests\Objectives\Collection\Objective_C_1.json
SCRIPT       : [ExpansionQuestObjectiveCollectionConfig] Load existing configuration file:$profile:ExpansionMod\Quests\Objectives\Collection\Objective_C_2.json
SCRIPT       : [ExpansionQuestObjectiveCollectionConfig] Load existing configuration file:$profile:ExpansionMod\Quests\Objectives\Collection\Objective_C_3.json
SCRIPT       : [ExpansionQuestObjectiveTreasureHuntConfig] Load existing configuration file:$profile:ExpansionMod\Quests\Objectives\TreasureHunt\Objective_TH_1.json
SCRIPT       : [ExpansionQuestObjectiveActionConfig] Load existing configuration file:$profile:ExpansionMod\Quests\Objectives\Action\Objective_A_1.json
SCRIPT       : [ExpansionQuestObjectiveActionConfig] Load existing configuration file:$profile:ExpansionMod\Quests\Objectives\Action\Objective_A_2.json
SCRIPT       : [ExpansionQuestObjectiveCraftingConfig] Load existing configuration file:$profile:ExpansionMod\Quests\Objectives\Crafting\Objective_CR_1.json
SCRIPT       : [ExpansionQuestObjectiveAIPatrolConfig] Load existing configuration file:$profile:ExpansionMod\Quests\Objectives\AIPatrol\Objective_AIP_1.json
SCRIPT       : [ExpansionQuestObjectiveAICampConfig] Load existing configuration file:$profile:ExpansionMod\Quests\Objectives\AICamp\Objective_AIC_1.json
SCRIPT       : [ExpansionQuestObjectiveAIEscortConfig] Load existing configuration file:$profile:ExpansionMod\Quests\Objectives\AIVIP\Objective_AIESCORT_1.json
SCRIPT       : [ExpansionQuestNPCData] Load existing configuration file:QuestNPC_1.json
SCRIPT       : [ExpansionQuestNPCData] Load existing configuration file:QuestNPC_2.json
SCRIPT       : [ExpansionQuestNPCData] Load existing configuration file:QuestNPC_3.json
SCRIPT       : [MissionServer] OnMissionStart - Server
SCRIPT       : string dirtyName = 'SURFLAYSTALKERNH'
SCRIPT       : 01:11:46.180 [EXPANSION DEBUG]: ExpansionP2PTraderAIIrena<ebaa90a0>::SetP2PTraderID - ID: 1
SCRIPT       : Found 0 zones!
SCRIPT       : ExpansionMarketItem marketItem = ExpansionMarketItem<942b5d60>
SCRIPT       : int worth =   1
SCRIPT       : m_LoginTimeMs: 6200
SCRIPT       : 01:12:23.899 [EXPANSION DEBUG]: ExpansionHardlineModule<12ee03e0> ::LoadPlayerData - Loaded player hardline data for player BouRHooD[ZxauXa6H7Kv31_Pims5iqY6kifCgPGV2uaTOoZ_iSZM=]
SCRIPT       : ---- PlayerBase OnStoreLoad SUCCESS ----
SCRIPT       : 01:12:38.763 [EXPANSION DEBUG]: ExpansionPartyData<93fe27b0>::OnJoin party Surflay (ID 0) player BouRHooD (ID ZxauXa6H7Kv31_Pims5iqY6kifCgPGV2uaTOoZ_iSZM=)
SCRIPT       : [VPPAT] Player "BouRHooD" (steamId=76561198116299684) connected to server!
SCRIPT       : [PlayerListManager] AddReceiver ► added: PlayerIdentity<22f0aba0>
SCRIPT       : [ZenSleep::ZenSleepEffectHandlerServer] Initialized ZxauXa6H7Kv31_Pims5iqY6kifCgPGV2uaTOoZ_iSZM=
SCRIPT       : ExpansionActionOpenTraderMenu::OnStartServer - Start
SCRIPT       : [Permissions Manager] Admin (BouRHooD) (76561198116299684) Successfully Logged in!
SCRIPT       : ExpansionActionOpenTraderMenu::OnStartServer - Start
SCRIPT       : ExpansionActionOpenTraderMenu::OnStartServer - Start
SCRIPT       : ExpansionActionOpenTraderMenu::OnStartServer - Start
SCRIPT       : 01:17:07.244 [EXPANSION DEBUG]: eAI_SurvivorM_Jose<59a05020> ---- PlayerBase::Expansion_OnEntityStorageLoad SUCCESS ----
SCRIPT       : 01:17:07.245 [ExpansionEntityStorage] HITCH: 21.6758ms
SCRIPT       : [WeaponFSM::ValidateAndRepairHelper] :: [INFO] :: [wpnfsm] ValidateAndRepair Attempting to repair: Scout:6026 (owner eAI_SurvivorM_Denis<57769010>) - MagazineRepair - BAREM_CLO_BUF_MA0<57c84c50> - state: 0 != weapon: 1
SCRIPT       : [Logout]: New player ZxauXa6H7Kv31_Pims5iqY6kifCgPGV2uaTOoZ_iSZM= with logout time 5
SCRIPT       : Player "BouRHooD" (steamid=76561198116299684) initiated disconnect process...
SCRIPT       : Player "BouRHooD" (steamid=76561198116299684) disconnected early from server (EXIT NOW).
SCRIPT       : 01:20:37.285 [EXPANSION DEBUG]: ExpansionPartyData<93fe27b0>::OnLeave party Surflay (ID 0) player BouRHooD (ID ZxauXa6H7Kv31_Pims5iqY6kifCgPGV2uaTOoZ_iSZM=)
SCRIPT       : 01:20:37.286 [EXPANSION DEBUG]: ExpansionQuestPersistentData<38a68bc0>~ExpansionQuestPersistentData (4)
SCRIPT       : [Logout]: Player ZxauXa6H7Kv31_Pims5iqY6kifCgPGV2uaTOoZ_iSZM= finished
SCRIPT       : Player "BouRHooD" (steamid=76561198116299684) disconnected from server.
SCRIPT       : [PlayerListManager] SyncEntryToReceivers ► uid: ZxauXa6H7Kv31_Pims5iqY6kifCgPGV2uaTOoZ_iSZM= isn't in the players list! sending a remove.
SCRIPT       : HandleOnPlayerDisconnected -> PlayerListManager.RemoveEntry ► ZxauXa6H7Kv31_Pims5iqY6kifCgPGV2uaTOoZ_iSZM=
SCRIPT       : Clear up static fireplaces: 0
SCRIPT       : 01:20:59.607 [EXPANSION DEBUG]: Clearing cached categories 67
SCRIPT       : 01:20:59.608 [EXPANSION DEBUG]: Clearing cached traders 18
SCRIPT       : [MissionServer] OnMissionFinish - Server
SCRIPT       : [DayZ Expansion] ~DayZGame
SCRIPT       : 01:20:59 [EXPANSION DEBUG]: ExpansionQuestPersistentData<38a68800>~ExpansionQuestPersistentData (0)
SCRIPT       : ~DayZGame()
