01:47:08.423 [VehicleDestroyed] OffroadHatchback (id=D4029EACA5404B243DF4F295CBF1FA42 pos=<9226.81, 60.04, 14564>)
01:47:25.368 [Party] Player "BouRHooD" (id=ZxauXa6H7Kv31_Pims5iqY6kifCgPGV2uaTOoZ_iSZM=) joined the party "Surflay" (id=0 ownerUID=ZxauXa6H7Kv31_Pims5iqY6kifCgPGV2uaTOoZ_iSZM= ownerName=BouRHooD)
01:47:25.369 [Expansion Quests] Initialize quest system on the connected client with UID=ZxauXa6H7Kv31_Pims5iqY6kifCgPGV2uaTOoZ_iSZM=
01:47:25.370 [Expansion Quests] Loaded existing player quest data for player with UID=ZxauXa6H7Kv31_Pims5iqY6kifCgPGV2uaTOoZ_iSZM=
01:47:25.371 [Expansion Quests] Loaded existing group quest data for group with ID=0
01:47:25.371 [Expansion Quests] Check quest initialization for quest with ID=8 | State=STARTED | Player UID=ZxauXa6H7Kv31_Pims5iqY6kifCgPGV2uaTOoZ_iSZM=
01:47:25.371 [Expansion Quests] Create new quest instance for quest with ID=8 | Player UID=ZxauXa6H7Kv31_Pims5iqY6kifCgPGV2uaTOoZ_iSZM=
01:47:25.372 [Expansion Quests] Check quest initialization for quest with ID=9 | State=STARTED | Player UID=ZxauXa6H7Kv31_Pims5iqY6kifCgPGV2uaTOoZ_iSZM=
01:47:25.372 [Expansion Quests] Create new quest instance for quest with ID=9 | Player UID=ZxauXa6H7Kv31_Pims5iqY6kifCgPGV2uaTOoZ_iSZM=
01:47:25.372 [Expansion Quests] Check quest initialization for quest with ID=11 | State=STARTED | Player UID=ZxauXa6H7Kv31_Pims5iqY6kifCgPGV2uaTOoZ_iSZM=
01:47:25.372 [Expansion Quests] Create new quest instance for quest with ID=11 | Player UID=ZxauXa6H7Kv31_Pims5iqY6kifCgPGV2uaTOoZ_iSZM=
01:47:25.373 [Expansion Quests] Check quest initialization for quest with ID=14 | State=COMPLETED | Player UID=ZxauXa6H7Kv31_Pims5iqY6kifCgPGV2uaTOoZ_iSZM=
01:47:25.374 [Expansion Quests] Sending ZxauXa6H7Kv31_Pims5iqY6kifCgPGV2uaTOoZ_iSZM= quest configs to client for player with UID=ZxauXa6H7Kv31_Pims5iqY6kifCgPGV2uaTOoZ_iSZM=
01:47:25.374 [Expansion Quests] Sending player quest data for 4 quests to player with UID=ZxauXa6H7Kv31_Pims5iqY6kifCgPGV2uaTOoZ_iSZM=
01:47:26.350 [Expansion Quests] - LoadGroupQuestData - Got cached group quest data for group with ID=0
01:47:46.112 [AI Object Patrol 00000] Spawning 1 West bots at <5073.713379, 107.093948, 584.708130>
01:47:46.134 [AI Object Patrol 00000] Global patrol count: 1
01:47:46.135 [AI Object Patrol 00000] Global Expansion AI count: 2 alive, 0 deceased
01:47:46.135 [AI Object Patrol 00000] MilitaryRoaming category patrol count: 1
01:48:17.210 [Party] Player "BouRHooD" (id=ZxauXa6H7Kv31_Pims5iqY6kifCgPGV2uaTOoZ_iSZM=) left the party "Surflay" (id=0 ownerUID=ZxauXa6H7Kv31_Pims5iqY6kifCgPGV2uaTOoZ_iSZM= ownerName=BouRHooD)
01:48:17.210 [Expansion Quests] Deleted quest with ID=8 is a of player with UID=ZxauXa6H7Kv31_Pims5iqY6kifCgPGV2uaTOoZ_iSZM=.
01:48:17.210 [Expansion Quests] Deleted quest with ID=9 is a of player with UID=ZxauXa6H7Kv31_Pims5iqY6kifCgPGV2uaTOoZ_iSZM=.
01:48:17.211 [Expansion Quests] Deleted quest with ID=11 is a of player with UID=ZxauXa6H7Kv31_Pims5iqY6kifCgPGV2uaTOoZ_iSZM=.
