04:42:13.955 [Party] Player "BouRHooD" (id=ZxauXa6H7Kv31_Pims5iqY6kifCgPGV2uaTOoZ_iSZM=) joined the party "Surflay" (id=0 ownerUID=ZxauXa6H7Kv31_Pims5iqY6kifCgPGV2uaTOoZ_iSZM= ownerName=BouRHooD)
04:42:13.956 [Expansion Quests] Initialize quest system on the connected client with UID=ZxauXa6H7Kv31_Pims5iqY6kifCgPGV2uaTOoZ_iSZM=
04:42:13.957 [Expansion Quests] Loaded existing player quest data for player with UID=ZxauXa6H7Kv31_Pims5iqY6kifCgPGV2uaTOoZ_iSZM=
04:42:13.957 [Expansion Quests] Loaded existing group quest data for group with ID=0
04:42:13.957 [Expansion Quests] Check quest initialization for quest with ID=8 | State=STARTED | Player UID=ZxauXa6H7Kv31_Pims5iqY6kifCgPGV2uaTOoZ_iSZM=
04:42:13.958 [Expansion Quests] Create new quest instance for quest with ID=8 | Player UID=ZxauXa6H7Kv31_Pims5iqY6kifCgPGV2uaTOoZ_iSZM=
04:42:13.958 [Expansion Quests] Check quest initialization for quest with ID=9 | State=STARTED | Player UID=ZxauXa6H7Kv31_Pims5iqY6kifCgPGV2uaTOoZ_iSZM=
04:42:13.958 [Expansion Quests] Create new quest instance for quest with ID=9 | Player UID=ZxauXa6H7Kv31_Pims5iqY6kifCgPGV2uaTOoZ_iSZM=
04:42:13.958 [Expansion Quests] Check quest initialization for quest with ID=11 | State=STARTED | Player UID=ZxauXa6H7Kv31_Pims5iqY6kifCgPGV2uaTOoZ_iSZM=
04:42:13.958 [Expansion Quests] Create new quest instance for quest with ID=11 | Player UID=ZxauXa6H7Kv31_Pims5iqY6kifCgPGV2uaTOoZ_iSZM=
04:42:13.958 [Expansion Quests] Check quest initialization for quest with ID=14 | State=COMPLETED | Player UID=ZxauXa6H7Kv31_Pims5iqY6kifCgPGV2uaTOoZ_iSZM=
04:42:13.959 [Expansion Quests] Sending ZxauXa6H7Kv31_Pims5iqY6kifCgPGV2uaTOoZ_iSZM= quest configs to client for player with UID=ZxauXa6H7Kv31_Pims5iqY6kifCgPGV2uaTOoZ_iSZM=
04:42:13.960 [Expansion Quests] Sending player quest data for 4 quests to player with UID=ZxauXa6H7Kv31_Pims5iqY6kifCgPGV2uaTOoZ_iSZM=
04:42:14.943 [Expansion Quests] - LoadGroupQuestData - Got cached group quest data for group with ID=0
04:50:33.189 [Expansion Quests] Added new objective data for type=TARGET | Key=ZxauXa6H7Kv31_Pims5iqY6kifCgPGV2uaTOoZ_iSZM= | ID=3
04:50:33.191 [Expansion Quests] Updated and saved persistent player quest data for player with UID=ZxauXa6H7Kv31_Pims5iqY6kifCgPGV2uaTOoZ_iSZM= | Quest ID=8
04:50:33.191 [Expansion Quests] Added new objective data for type=TARGET | Key=ZxauXa6H7Kv31_Pims5iqY6kifCgPGV2uaTOoZ_iSZM= | ID=2
04:50:33.197 [Expansion Quests] Updated and saved persistent player quest data for player with UID=ZxauXa6H7Kv31_Pims5iqY6kifCgPGV2uaTOoZ_iSZM= | Quest ID=9
04:50:33.198 [Expansion Quests] Added new objective data for type=ACTION | Key=ZxauXa6H7Kv31_Pims5iqY6kifCgPGV2uaTOoZ_iSZM= | ID=1
04:50:33.202 [Expansion Quests] Updated and saved persistent player quest data for player with UID=ZxauXa6H7Kv31_Pims5iqY6kifCgPGV2uaTOoZ_iSZM= | Quest ID=11
