23:30:34.704 [AI Object Patrol] Generating default object patrols for "nhchernobyl"
23:30:34.704 [AI Patrol] Generating default patrols for "nhchernobyl"
23:31:41.294 [Expansion Quests] Initialize quest system on the connected client with UID=ZxauXa6H7Kv31_Pims5iqY6kifCgPGV2uaTOoZ_iSZM=
23:31:41.296 [Expansion Quests] Created new persistent player quest data for player UID=ZxauXa6H7Kv31_Pims5iqY6kifCgPGV2uaTOoZ_iSZM=
23:31:41.296 [Expansion Quests] Create new achievement/auto-start quest for quest ID=8 for player with UID=ZxauXa6H7Kv31_Pims5iqY6kifCgPGV2uaTOoZ_iSZM=
23:31:41.296 [Expansion Quests] Added new objective data for type=TARGET | Key= | ID=3
23:31:41.297 [Expansion Quests] Updated and saved persistent player quest data for player with UID=ZxauXa6H7Kv31_Pims5iqY6kifCgPGV2uaTOoZ_iSZM= | Quest ID=8
23:31:41.297 [Expansion Quests] Create new achievement/auto-start quest for quest ID=9 for player with UID=ZxauXa6H7Kv31_Pims5iqY6kifCgPGV2uaTOoZ_iSZM=
23:31:41.297 [Expansion Quests] Added new objective data for type=TARGET | Key= | ID=2
23:31:41.297 [Expansion Quests] Updated and saved persistent player quest data for player with UID=ZxauXa6H7Kv31_Pims5iqY6kifCgPGV2uaTOoZ_iSZM= | Quest ID=9
23:31:41.298 [Expansion Quests] Create new achievement/auto-start quest for quest ID=11 for player with UID=ZxauXa6H7Kv31_Pims5iqY6kifCgPGV2uaTOoZ_iSZM=
23:31:41.298 [Expansion Quests] Added new objective data for type=ACTION | Key= | ID=1
23:31:41.298 [Expansion Quests] Updated and saved persistent player quest data for player with UID=ZxauXa6H7Kv31_Pims5iqY6kifCgPGV2uaTOoZ_iSZM= | Quest ID=11
23:31:41.298 [Expansion Quests] Create new achievement/auto-start quest for quest ID=14 for player with UID=ZxauXa6H7Kv31_Pims5iqY6kifCgPGV2uaTOoZ_iSZM=
23:31:41.302 [Expansion Quests] Added new objective data for type=TRAVEL | Key= | ID=3
23:31:41.302 [Expansion Quests] Updated and saved persistent player quest data for player with UID=ZxauXa6H7Kv31_Pims5iqY6kifCgPGV2uaTOoZ_iSZM= | Quest ID=14
23:31:41.303 [Expansion Quests] Sending ZxauXa6H7Kv31_Pims5iqY6kifCgPGV2uaTOoZ_iSZM= quest configs to client for player with UID=ZxauXa6H7Kv31_Pims5iqY6kifCgPGV2uaTOoZ_iSZM=
23:31:41.303 [Expansion Quests] Sending player quest data for 4 quests to player with UID=ZxauXa6H7Kv31_Pims5iqY6kifCgPGV2uaTOoZ_iSZM=
23:31:41.309 [Expansion Quests] Added new objective data for type=TRAVEL | Key= | ID=3
23:31:41.314 [Expansion Quests] Updated and saved persistent player quest data for player with UID=ZxauXa6H7Kv31_Pims5iqY6kifCgPGV2uaTOoZ_iSZM= | Quest ID=14
23:31:41.314 [Expansion Quests] Player with UID=ZxauXa6H7Kv31_Pims5iqY6kifCgPGV2uaTOoZ_iSZM= has completed quest with ID=14
23:31:41.320 [Expansion Quests] Updated and saved persistent player quest data for player with UID=ZxauXa6H7Kv31_Pims5iqY6kifCgPGV2uaTOoZ_iSZM= | Quest ID=14
23:31:41.320 [AI Patrol 00011] Spawning 1 KPP South (Civilian) bots at <5039.331055, 103.976570, 564.724487>
23:31:41.427 [AI Patrol 00011] Global patrol count: 1
23:31:41.427 [AI Patrol 00011] Global Expansion AI count: 1 alive, 0 deceased
23:31:41.428 [AI Patrol 00011] Survivor category patrol count: 1
23:33:11.299 [Expansion Quests] Deleted quest with ID=8 is a of player with UID=ZxauXa6H7Kv31_Pims5iqY6kifCgPGV2uaTOoZ_iSZM=.
23:33:11.300 [Expansion Quests] Deleted quest with ID=9 is a of player with UID=ZxauXa6H7Kv31_Pims5iqY6kifCgPGV2uaTOoZ_iSZM=.
23:33:11.300 [Expansion Quests] Deleted quest with ID=11 is a of player with UID=ZxauXa6H7Kv31_Pims5iqY6kifCgPGV2uaTOoZ_iSZM=.
