00:45:34.152 [Party] Player "BouRHooD" (id=ZxauXa6H7Kv31_Pims5iqY6kifCgPGV2uaTOoZ_iSZM=) joined the party "Surflay" (id=0 ownerUID=ZxauXa6H7Kv31_Pims5iqY6kifCgPGV2uaTOoZ_iSZM= ownerName=BouRHooD)
00:45:34.152 [Expansion Quests] Initialize quest system on the connected client with UID=ZxauXa6H7Kv31_Pims5iqY6kifCgPGV2uaTOoZ_iSZM=
00:45:34.153 [Expansion Quests] Loaded existing player quest data for player with UID=ZxauXa6H7Kv31_Pims5iqY6kifCgPGV2uaTOoZ_iSZM=
00:45:34.154 [Expansion Quests] Loaded existing group quest data for group with ID=0
00:45:34.154 [Expansion Quests] Check quest initialization for quest with ID=8 | State=STARTED | Player UID=ZxauXa6H7Kv31_Pims5iqY6kifCgPGV2uaTOoZ_iSZM=
00:45:34.154 [Expansion Quests] Create new quest instance for quest with ID=8 | Player UID=ZxauXa6H7Kv31_Pims5iqY6kifCgPGV2uaTOoZ_iSZM=
00:45:34.155 [Expansion Quests] Check quest initialization for quest with ID=9 | State=STARTED | Player UID=ZxauXa6H7Kv31_Pims5iqY6kifCgPGV2uaTOoZ_iSZM=
00:45:34.155 [Expansion Quests] Create new quest instance for quest with ID=9 | Player UID=ZxauXa6H7Kv31_Pims5iqY6kifCgPGV2uaTOoZ_iSZM=
00:45:34.155 [Expansion Quests] Check quest initialization for quest with ID=11 | State=STARTED | Player UID=ZxauXa6H7Kv31_Pims5iqY6kifCgPGV2uaTOoZ_iSZM=
00:45:34.155 [Expansion Quests] Create new quest instance for quest with ID=11 | Player UID=ZxauXa6H7Kv31_Pims5iqY6kifCgPGV2uaTOoZ_iSZM=
00:45:34.155 [Expansion Quests] Check quest initialization for quest with ID=14 | State=COMPLETED | Player UID=ZxauXa6H7Kv31_Pims5iqY6kifCgPGV2uaTOoZ_iSZM=
00:45:34.157 [Expansion Quests] Sending ZxauXa6H7Kv31_Pims5iqY6kifCgPGV2uaTOoZ_iSZM= quest configs to client for player with UID=ZxauXa6H7Kv31_Pims5iqY6kifCgPGV2uaTOoZ_iSZM=
00:45:34.157 [Expansion Quests] Sending player quest data for 4 quests to player with UID=ZxauXa6H7Kv31_Pims5iqY6kifCgPGV2uaTOoZ_iSZM=
00:45:35.136 [Expansion Quests] - LoadGroupQuestData - Got cached group quest data for group with ID=0
01:02:12.297 [Expansion Quests] Added new objective data for type=TARGET | Key=ZxauXa6H7Kv31_Pims5iqY6kifCgPGV2uaTOoZ_iSZM= | ID=3
01:02:12.299 [Expansion Quests] Updated and saved persistent player quest data for player with UID=ZxauXa6H7Kv31_Pims5iqY6kifCgPGV2uaTOoZ_iSZM= | Quest ID=8
01:02:12.299 [Expansion Quests] Added new objective data for type=TARGET | Key=ZxauXa6H7Kv31_Pims5iqY6kifCgPGV2uaTOoZ_iSZM= | ID=2
01:02:12.304 [Expansion Quests] Updated and saved persistent player quest data for player with UID=ZxauXa6H7Kv31_Pims5iqY6kifCgPGV2uaTOoZ_iSZM= | Quest ID=9
01:02:12.304 [Expansion Quests] Added new objective data for type=ACTION | Key=ZxauXa6H7Kv31_Pims5iqY6kifCgPGV2uaTOoZ_iSZM= | ID=1
01:02:12.308 [Expansion Quests] Updated and saved persistent player quest data for player with UID=ZxauXa6H7Kv31_Pims5iqY6kifCgPGV2uaTOoZ_iSZM= | Quest ID=11
