03:26:52.637 [Party] Player "BouRHooD" (id=ZxauXa6H7Kv31_Pims5iqY6kifCgPGV2uaTOoZ_iSZM=) joined the party "Surflay" (id=0 ownerUID=ZxauXa6H7Kv31_Pims5iqY6kifCgPGV2uaTOoZ_iSZM= ownerName=BouRHooD)
03:26:52.637 [Expansion Quests] Initialize quest system on the connected client with UID=ZxauXa6H7Kv31_Pims5iqY6kifCgPGV2uaTOoZ_iSZM=
03:26:52.639 [Expansion Quests] Loaded existing player quest data for player with UID=ZxauXa6H7Kv31_Pims5iqY6kifCgPGV2uaTOoZ_iSZM=
03:26:52.639 [Expansion Quests] Loaded existing group quest data for group with ID=0
03:26:52.639 [Expansion Quests] Check quest initialization for quest with ID=8 | State=STARTED | Player UID=ZxauXa6H7Kv31_Pims5iqY6kifCgPGV2uaTOoZ_iSZM=
03:26:52.639 [Expansion Quests] Create new quest instance for quest with ID=8 | Player UID=ZxauXa6H7Kv31_Pims5iqY6kifCgPGV2uaTOoZ_iSZM=
03:26:52.640 [Expansion Quests] Check quest initialization for quest with ID=9 | State=STARTED | Player UID=ZxauXa6H7Kv31_Pims5iqY6kifCgPGV2uaTOoZ_iSZM=
03:26:52.640 [Expansion Quests] Create new quest instance for quest with ID=9 | Player UID=ZxauXa6H7Kv31_Pims5iqY6kifCgPGV2uaTOoZ_iSZM=
03:26:52.640 [Expansion Quests] Check quest initialization for quest with ID=11 | State=STARTED | Player UID=ZxauXa6H7Kv31_Pims5iqY6kifCgPGV2uaTOoZ_iSZM=
03:26:52.640 [Expansion Quests] Create new quest instance for quest with ID=11 | Player UID=ZxauXa6H7Kv31_Pims5iqY6kifCgPGV2uaTOoZ_iSZM=
03:26:52.641 [Expansion Quests] Check quest initialization for quest with ID=14 | State=COMPLETED | Player UID=ZxauXa6H7Kv31_Pims5iqY6kifCgPGV2uaTOoZ_iSZM=
03:26:52.642 [Expansion Quests] Sending ZxauXa6H7Kv31_Pims5iqY6kifCgPGV2uaTOoZ_iSZM= quest configs to client for player with UID=ZxauXa6H7Kv31_Pims5iqY6kifCgPGV2uaTOoZ_iSZM=
03:26:52.642 [Expansion Quests] Sending player quest data for 4 quests to player with UID=ZxauXa6H7Kv31_Pims5iqY6kifCgPGV2uaTOoZ_iSZM=
03:26:52.682 [AI Patrol 00006] Loaded 1 persistent KPP South (West) bots at <5713.445313, 107.554962, 5791.720215>
03:26:52.682 [AI Patrol 00006] Global patrol count: 1
03:26:52.683 [AI Patrol 00006] Global Expansion AI count: 2 alive, 0 deceased
03:26:52.683 [AI Patrol 00006] Survivor category patrol count: 1
03:26:53.623 [Expansion Quests] - LoadGroupQuestData - Got cached group quest data for group with ID=0
03:27:16.431 [AI Object Patrol 00001] Spawning 1 West bots at <5073.713379, 107.093948, 584.708130>
03:27:16.449 [AI Object Patrol 00001] Global patrol count: 2
03:27:16.449 [AI Object Patrol 00001] Global Expansion AI count: 3 alive, 0 deceased
03:27:16.450 [AI Object Patrol 00001] MilitaryRoaming category patrol count: 1
03:28:16.764 [Party] Player "BouRHooD" (id=ZxauXa6H7Kv31_Pims5iqY6kifCgPGV2uaTOoZ_iSZM=) left the party "Surflay" (id=0 ownerUID=ZxauXa6H7Kv31_Pims5iqY6kifCgPGV2uaTOoZ_iSZM= ownerName=BouRHooD)
03:28:16.764 [Expansion Quests] Deleted quest with ID=8 is a of player with UID=ZxauXa6H7Kv31_Pims5iqY6kifCgPGV2uaTOoZ_iSZM=.
03:28:16.765 [Expansion Quests] Deleted quest with ID=9 is a of player with UID=ZxauXa6H7Kv31_Pims5iqY6kifCgPGV2uaTOoZ_iSZM=.
03:28:16.765 [Expansion Quests] Deleted quest with ID=11 is a of player with UID=ZxauXa6H7Kv31_Pims5iqY6kifCgPGV2uaTOoZ_iSZM=.
