03:04:50.069 [Party] Player "BouRHooD" (id=ZxauXa6H7Kv31_Pims5iqY6kifCgPGV2uaTOoZ_iSZM=) joined the party "Surflay" (id=0 ownerUID=ZxauXa6H7Kv31_Pims5iqY6kifCgPGV2uaTOoZ_iSZM= ownerName=BouRHooD)
03:04:50.069 [Expansion Quests] Initialize quest system on the connected client with UID=ZxauXa6H7Kv31_Pims5iqY6kifCgPGV2uaTOoZ_iSZM=
03:04:50.071 [Expansion Quests] Loaded existing player quest data for player with UID=ZxauXa6H7Kv31_Pims5iqY6kifCgPGV2uaTOoZ_iSZM=
03:04:50.071 [Expansion Quests] Loaded existing group quest data for group with ID=0
03:04:50.072 [Expansion Quests] Check quest initialization for quest with ID=8 | State=STARTED | Player UID=ZxauXa6H7Kv31_Pims5iqY6kifCgPGV2uaTOoZ_iSZM=
03:04:50.072 [Expansion Quests] Create new quest instance for quest with ID=8 | Player UID=ZxauXa6H7Kv31_Pims5iqY6kifCgPGV2uaTOoZ_iSZM=
03:04:50.072 [Expansion Quests] Check quest initialization for quest with ID=9 | State=STARTED | Player UID=ZxauXa6H7Kv31_Pims5iqY6kifCgPGV2uaTOoZ_iSZM=
03:04:50.072 [Expansion Quests] Create new quest instance for quest with ID=9 | Player UID=ZxauXa6H7Kv31_Pims5iqY6kifCgPGV2uaTOoZ_iSZM=
03:04:50.073 [Expansion Quests] Check quest initialization for quest with ID=11 | State=STARTED | Player UID=ZxauXa6H7Kv31_Pims5iqY6kifCgPGV2uaTOoZ_iSZM=
03:04:50.073 [Expansion Quests] Create new quest instance for quest with ID=11 | Player UID=ZxauXa6H7Kv31_Pims5iqY6kifCgPGV2uaTOoZ_iSZM=
03:04:50.073 [Expansion Quests] Check quest initialization for quest with ID=14 | State=COMPLETED | Player UID=ZxauXa6H7Kv31_Pims5iqY6kifCgPGV2uaTOoZ_iSZM=
03:04:50.074 [Expansion Quests] Sending ZxauXa6H7Kv31_Pims5iqY6kifCgPGV2uaTOoZ_iSZM= quest configs to client for player with UID=ZxauXa6H7Kv31_Pims5iqY6kifCgPGV2uaTOoZ_iSZM=
03:04:50.074 [Expansion Quests] Sending player quest data for 4 quests to player with UID=ZxauXa6H7Kv31_Pims5iqY6kifCgPGV2uaTOoZ_iSZM=
03:04:50.119 [AI Patrol 00009] Loaded 1 persistent KPP South (West) bots at <5713.602539, 107.554970, 5792.179199>
03:04:50.119 [AI Patrol 00009] Global patrol count: 1
03:04:50.120 [AI Patrol 00009] Global Expansion AI count: 2 alive, 0 deceased
03:04:50.120 [AI Patrol 00009] Survivor category patrol count: 1
03:04:51.051 [Expansion Quests] - LoadGroupQuestData - Got cached group quest data for group with ID=0
03:06:09.672 [Party] Player "BouRHooD" (id=ZxauXa6H7Kv31_Pims5iqY6kifCgPGV2uaTOoZ_iSZM=) left the party "Surflay" (id=0 ownerUID=ZxauXa6H7Kv31_Pims5iqY6kifCgPGV2uaTOoZ_iSZM= ownerName=BouRHooD)
03:06:09.672 [Expansion Quests] Deleted quest with ID=8 is a of player with UID=ZxauXa6H7Kv31_Pims5iqY6kifCgPGV2uaTOoZ_iSZM=.
03:06:09.672 [Expansion Quests] Deleted quest with ID=9 is a of player with UID=ZxauXa6H7Kv31_Pims5iqY6kifCgPGV2uaTOoZ_iSZM=.
03:06:09.672 [Expansion Quests] Deleted quest with ID=11 is a of player with UID=ZxauXa6H7Kv31_Pims5iqY6kifCgPGV2uaTOoZ_iSZM=.
