01:17:44.653 [VehicleDestroyed] Hatchback_02_Black (id=33C944CF7241AA030EF7A2942DBC43F5 pos=<11343.4, 60, 14458.1>)
01:17:44.892 [VehicleDeleted] Hatchback_02_Black (id=690F63C6744DEFF2AB635794B81C95BE pos=<11343.4, 60, 14458.1>)
01:18:47.241 [Party] Player "BouRHooD" (id=ZxauXa6H7Kv31_Pims5iqY6kifCgPGV2uaTOoZ_iSZM=) joined the party "Surflay" (id=0 ownerUID=ZxauXa6H7Kv31_Pims5iqY6kifCgPGV2uaTOoZ_iSZM= ownerName=BouRHooD)
01:18:47.242 [Expansion Quests] Initialize quest system on the connected client with UID=ZxauXa6H7Kv31_Pims5iqY6kifCgPGV2uaTOoZ_iSZM=
01:18:47.243 [Expansion Quests] Loaded existing player quest data for player with UID=ZxauXa6H7Kv31_Pims5iqY6kifCgPGV2uaTOoZ_iSZM=
01:18:47.244 [Expansion Quests] Loaded existing group quest data for group with ID=0
01:18:47.245 [Expansion Quests] Check quest initialization for quest with ID=8 | State=STARTED | Player UID=ZxauXa6H7Kv31_Pims5iqY6kifCgPGV2uaTOoZ_iSZM=
01:18:47.245 [Expansion Quests] Create new quest instance for quest with ID=8 | Player UID=ZxauXa6H7Kv31_Pims5iqY6kifCgPGV2uaTOoZ_iSZM=
01:18:47.245 [Expansion Quests] Check quest initialization for quest with ID=9 | State=STARTED | Player UID=ZxauXa6H7Kv31_Pims5iqY6kifCgPGV2uaTOoZ_iSZM=
01:18:47.245 [Expansion Quests] Create new quest instance for quest with ID=9 | Player UID=ZxauXa6H7Kv31_Pims5iqY6kifCgPGV2uaTOoZ_iSZM=
01:18:47.245 [Expansion Quests] Check quest initialization for quest with ID=11 | State=STARTED | Player UID=ZxauXa6H7Kv31_Pims5iqY6kifCgPGV2uaTOoZ_iSZM=
01:18:47.246 [Expansion Quests] Create new quest instance for quest with ID=11 | Player UID=ZxauXa6H7Kv31_Pims5iqY6kifCgPGV2uaTOoZ_iSZM=
01:18:47.246 [Expansion Quests] Check quest initialization for quest with ID=14 | State=COMPLETED | Player UID=ZxauXa6H7Kv31_Pims5iqY6kifCgPGV2uaTOoZ_iSZM=
01:18:47.247 [Expansion Quests] Sending ZxauXa6H7Kv31_Pims5iqY6kifCgPGV2uaTOoZ_iSZM= quest configs to client for player with UID=ZxauXa6H7Kv31_Pims5iqY6kifCgPGV2uaTOoZ_iSZM=
01:18:47.247 [Expansion Quests] Sending player quest data for 4 quests to player with UID=ZxauXa6H7Kv31_Pims5iqY6kifCgPGV2uaTOoZ_iSZM=
01:18:47.261 [AI Patrol 00006] Spawning 1 KPP South (Civilian) bots at <5041.331055, 104.210747, 565.724487>
01:18:47.278 [AI Patrol 00006] Global patrol count: 1
01:18:47.279 [AI Patrol 00006] Global Expansion AI count: 2 alive, 0 deceased
01:18:47.279 [AI Patrol 00006] Survivor category patrol count: 1
01:18:48.227 [Expansion Quests] - LoadGroupQuestData - Got cached group quest data for group with ID=0
01:20:55.800 [Party] Player "BouRHooD" (id=ZxauXa6H7Kv31_Pims5iqY6kifCgPGV2uaTOoZ_iSZM=) left the party "Surflay" (id=0 ownerUID=ZxauXa6H7Kv31_Pims5iqY6kifCgPGV2uaTOoZ_iSZM= ownerName=BouRHooD)
01:20:55.800 [Expansion Quests] Deleted quest with ID=8 is a of player with UID=ZxauXa6H7Kv31_Pims5iqY6kifCgPGV2uaTOoZ_iSZM=.
01:20:55.801 [Expansion Quests] Deleted quest with ID=9 is a of player with UID=ZxauXa6H7Kv31_Pims5iqY6kifCgPGV2uaTOoZ_iSZM=.
01:20:55.801 [Expansion Quests] Deleted quest with ID=11 is a of player with UID=ZxauXa6H7Kv31_Pims5iqY6kifCgPGV2uaTOoZ_iSZM=.
