23:36:04.687 [Expansion Quests] Initialize quest system on the connected client with UID=ZxauXa6H7Kv31_Pims5iqY6kifCgPGV2uaTOoZ_iSZM=
23:36:04.689 [Expansion Quests] Loaded existing player quest data for player with UID=ZxauXa6H7Kv31_Pims5iqY6kifCgPGV2uaTOoZ_iSZM=
23:36:04.690 [Expansion Quests] Check quest initialization for quest with ID=8 | State=STARTED | Player UID=ZxauXa6H7Kv31_Pims5iqY6kifCgPGV2uaTOoZ_iSZM=
23:36:04.690 [Expansion Quests] Create new quest instance for quest with ID=8 | Player UID=ZxauXa6H7Kv31_Pims5iqY6kifCgPGV2uaTOoZ_iSZM=
23:36:04.691 [Expansion Quests] Check quest initialization for quest with ID=9 | State=STARTED | Player UID=ZxauXa6H7Kv31_Pims5iqY6kifCgPGV2uaTOoZ_iSZM=
23:36:04.691 [Expansion Quests] Create new quest instance for quest with ID=9 | Player UID=ZxauXa6H7Kv31_Pims5iqY6kifCgPGV2uaTOoZ_iSZM=
23:36:04.691 [Expansion Quests] Check quest initialization for quest with ID=11 | State=STARTED | Player UID=ZxauXa6H7Kv31_Pims5iqY6kifCgPGV2uaTOoZ_iSZM=
23:36:04.691 [Expansion Quests] Create new quest instance for quest with ID=11 | Player UID=ZxauXa6H7Kv31_Pims5iqY6kifCgPGV2uaTOoZ_iSZM=
23:36:04.692 [Expansion Quests] Check quest initialization for quest with ID=14 | State=COMPLETED | Player UID=ZxauXa6H7Kv31_Pims5iqY6kifCgPGV2uaTOoZ_iSZM=
23:36:04.697 [Expansion Quests] Sending ZxauXa6H7Kv31_Pims5iqY6kifCgPGV2uaTOoZ_iSZM= quest configs to client for player with UID=ZxauXa6H7Kv31_Pims5iqY6kifCgPGV2uaTOoZ_iSZM=
23:36:04.698 [Expansion Quests] Sending player quest data for 4 quests to player with UID=ZxauXa6H7Kv31_Pims5iqY6kifCgPGV2uaTOoZ_iSZM=
23:36:04.713 [AI Patrol 00008] Spawning 1 KPP South (West) bots at <5039.331055, 103.976570, 564.724487>
23:36:04.730 [AI Patrol 00008] Global patrol count: 1
23:36:04.730 [AI Patrol 00008] Global Expansion AI count: 2 alive, 0 deceased
23:36:04.730 [AI Patrol 00008] Survivor category patrol count: 1
23:36:40.062 [AI Object Patrol 00007] Spawning 1 West bots at <5073.713379, 107.093948, 584.708130>
23:36:40.087 [AI Object Patrol 00007] Global patrol count: 2
23:36:40.087 [AI Object Patrol 00007] Global Expansion AI count: 3 alive, 0 deceased
23:36:40.087 [AI Object Patrol 00007] MilitaryRoaming category patrol count: 1
23:40:47.795 [MissionAirdrop] An airdrop is heading towards "Derebas" (pos=<5297.330078, 0.000000, 794.530334> type=Random_Derebas) with a ExpansionAirdropContainer_Basebuilding
01:15:24.788 [Expansion Quests] Deleted quest with ID=8 is a of player with UID=ZxauXa6H7Kv31_Pims5iqY6kifCgPGV2uaTOoZ_iSZM=.
01:15:24.788 [Expansion Quests] Deleted quest with ID=9 is a of player with UID=ZxauXa6H7Kv31_Pims5iqY6kifCgPGV2uaTOoZ_iSZM=.
01:15:24.789 [Expansion Quests] Deleted quest with ID=11 is a of player with UID=ZxauXa6H7Kv31_Pims5iqY6kifCgPGV2uaTOoZ_iSZM=.
